/COM,ANSYS RELEASE 2024 R2           BUILD 24.2      UP20240603       14:24:04

 *** WARNING ***                         CP =      34.875   TIME= 14:24:10
 Element shape checking is currently inactive.  Issue SHPP,ON or         
 SHPP,WARN to reactivate, if desired.                                    

 *** WARNING ***                         CP =      37.609   TIME= 14:24:10
 SOLID185 wedges are recommended only in regions of relatively low       
 stress gradients.                                                       

 *** WARNING ***                         CP =      42.609   TIME= 14:24:11
 Material number 21 (used by element 635182) should normally have at     
 least one MP or one TB type command associated with it.  Output of      
 energy by material may not be available.                                

 *** WARNING ***                         CP =     416.828   TIME= 14:29:35
 Material number 21 (used by element 635182) should normally have at     
 least one MP or one TB type command associated with it.  Output of      
 energy by material may not be available.                                

 *** WARNING ***                         CP =     454.922   TIME= 14:30:23
 Material number 21 (used by element 635182) should normally have at     
 least one MP or one TB type command associated with it.  Output of      
 energy by material may not be available.                                

 *** WARNING ***                         CP =     473.406   TIME= 14:30:40
 Material number 21 (used by element 635182) should normally have at     
 least one MP or one TB type command associated with it.  Output of      
 energy by material may not be available.                                

 *** WARNING ***                         CP =     492.453   TIME= 14:30:53
 Material number 21 (used by element 635182) should normally have at     
 least one MP or one TB type command associated with it.  Output of      
 energy by material may not be available.                                

 *** WARNING ***                         CP =     512.797   TIME= 14:31:12
 Material number 21 (used by element 635182) should normally have at     
 least one MP or one TB type command associated with it.  Output of      
 energy by material may not be available.                                

 *** WARNING ***                         CP =     543.234   TIME= 14:31:42
 Material number 21 (used by element 635182) should normally have at     
 least one MP or one TB type command associated with it.  Output of      
 energy by material may not be available.                                

 *** WARNING ***                         CP =     569.750   TIME= 14:32:14
 Material number 21 (used by element 635182) should normally have at     
 least one MP or one TB type command associated with it.  Output of      
 energy by material may not be available.                                

 *** WARNING ***                         CP =     588.453   TIME= 14:32:33
 Material number 21 (used by element 635182) should normally have at     
 least one MP or one TB type command associated with it.  Output of      
 energy by material may not be available.                                

 *** WARNING ***                         CP =     607.828   TIME= 14:32:46
 Material number 21 (used by element 635182) should normally have at     
 least one MP or one TB type command associated with it.  Output of      
 energy by material may not be available.                                
