Log started at 12.10.2024	15:24:51
Number of used processors (NPROC): 16.
Number of mesh partitions (NPART): 16.
Total Physical Memory = 63.75 Gb, Available Physical Memory = 48.81 Gb
Computer name:	DESKTOP-H9COBF1
Operating system:	Windows 11 (or higher) (Version 10.0.22631)

Commandline:	"C:\Program Files\SOLIDWORKS Corp\SOLIDWORKS Flow Simulation\BINCFW\efdsolver.exe" /config:"C:\Users\mdn\Developer\MIT_Rkt_Aurora_Aero\AeroShell_proj\New\7\7.xmlconfig" /guid:d7ce4990-bc6f-46e8-b8c0-3f77f1210adf /processors:max /m /s /prjnamelm:"Flow Simulation 2024" /prjnamehabout:"Flow Simulation 2024" /companyname:"COSMOS Applications" /prjaliasid:1002 /lang:English /port:55639

SOLIDWORKS 2024 SP3.1
Flow Simulation 2024  x64 / 6376

Project: C:\Users\mdn\Developer\MIT_Rkt_Aurora_Aero\AeroShell_proj\New\7\7.xmlconfig
Configuration name: Default
Project name: M1p5A2
Problem type: external-type
Exclude cavities without flow conditions: ON
NGK: OFF
MBO: OFF
-----------------------------------------------------------------------
Mesher option run = eRunMesherNormal
-----------------------------------------------------------------------

Mesh generation started:	12.10.2024	15:24:51
-----------------------------------------------------------------------
Memory Working Set Current = 14.25 Mb, Memory Working Set Peak = 14.25 Mb
Memory Private Bytes Current = 16.08 Mb, Memory Private Bytes Peak = 16.08 Mb
Process Threads Number: 7
-----------------------------------------------------------------------
Mesher adjust APD = OFF; AdjustAPD_method=0; N_per_Channel = 0; N2_per_Channel = 0
Current CPU = 1 sec
-----------------------------------------------------------------------
Geometries initialization:
-----------------------------------------------------------------------
Loading mesh settings (global/local)...
-----------------------------------------------------------------------
Number of geometries from DB: 1
Geometry(0):
	Guid = {00000000-0000-0000-0000-000000000000}
	Fluid..
	1 Body.
	1 Real body.
	-- Bodyset 0 --
		Tolerance=6.41902e-05.
		901 Face(s).
			901 of b-spline type.
		0 Face(s) that have no ref faces
		292 Plane surface(s).
		237 Cylinder surface(s).
		2 Cone surface(s).
		21 Sphere surface(s).
		137 Torus surface(s).
		212 B- surface(s).
		27180 Triangle(s).
		Getting triangle connectivities from DB: 0.004 s
		2084 Edge(s).
			2084 of b-spline type.
		BodyGeom reading: 0.044 s.
		884 Reference Face(s).
		26500 Reference Triangles.
		Getting triangle connectivities from DB (Ref): 0.004 s
		BodyGeom Ref reading: 0.007 s.
Geometry(1):
	Solid.
	-- Bodyset 1 --
	Empty
-----------------------------------------------------------------------
Number of geometries in task: 2
	G : 0	Type: Fluid	Bodies: 1		Faces: 901		Edges: 2084		Triangles: 27180
	G : 1	Type: Solid	Bodies: 0		Faces: 0		Edges: 0		Triangles: 0
Number of bodysets in task: 2

Bodies:     1
Faces:      901
Edges:      2084
Triangles:  27180
-----------------------------------------------------------------------
BodySet (0):
	Making hash and connectivity for Bodyset ...
		CBodyGeom:
		Hash size: {32, 44, 22}.
		Mesh size: {8, 11, 22}.
		Hashing triangles...Ok.
			axis(0) tr sizes: average=59 max=2612
			axis(1) tr sizes: average=58 max=3907
			axis(2) tr sizes: average=47 max=1070
		Making triangles connectivity...Ok. (0.002 s).
		Neighbour triangles: 99.99 % (good connect:27176) - 0.01 % (bad connect:4). Min: 1. Max: 3.
		Number of t-connected sets:1 (cavity=0)
		CBodyGeomRef:
		Hashing triangles...Ok.
			axis(0) tr sizes: average=268 max=3688
			axis(1) tr sizes: average=179 max=7633
			axis(2) tr sizes: average=614 max=2594
	0.024 s.
Geometries reading and preparing has taken 0.098 s.
-----------------------------------------------------------------------
Mapped triangles:
Hashing rough geometry(bodies) triangulation:
BodySet (0):
	Triangles num=27180
	Triangles box={-4.37388e-05 ,0.0437826 ,-5.93174e-05 ,0.0446136 ,-0.000130157 ,0.130287}
		3d-hash size is 144412 bytes
		Making triangles connectivity...Ok. (0.002 s).
		Neighbour triangles: 99.99 % (good connect:27176) - 0.01 % (bad connect:4). Min: 1. Max: 3.
BodySet (1):
no log info (empty stream)

Mapped triangles processed in 0.037 s.
-----------------------------------------------------------------------
-----------------------------------------------------------------------
Getting sectors:
Number of sectors: 0
-----------------------------------------------------------------------
Current CPU = 1 sec
-----------------------------------------------------------------------
Memory Working Set Current = 42.45 Mb, Memory Working Set Peak = 47.62 Mb
Memory Private Bytes Current = 43.88 Mb, Memory Private Bytes Peak = 48.68 Mb
Process Threads Number: 22
-----------------------------------------------------------------------
-----------------------------------------------------------------------
Checking faces on CD...
FCD = [0 0 0 0 0 0]
FCD_conflicts = 0
Time (check faces on CD)=0.005 s
-----------------------------------------------------------------------

-----------------------------------------------------------------------
Mesh dimensions:
				I[0 ]=8
				I[1 ]=11
				I[2 ]=22

Comp. domain size:
				a[0  ]=0
				a[1  ]=0.0437388
				a[2  ]=0
				a[3  ]=0.0593174
				a[4  ]=0
				a[5  ]=0.130157

Fluid calculated			1
Solid calculated			0
-----------------------------------------------------------------------
MESH Build started...
-----------------------------------------------------------------------
Mesh LEVEL = 1
-----------------------------------------------------------------------
-----------------------------------------------------------------------
CPT-mode xeps:
	D / dh / eps [axis=0] = (0.0437388, 0.00273282, 2.73282e-06)
	D / dh / eps [axis=1] = (0.0593174, 0.00242601, 2.42601e-06)
	D / dh / eps [axis=2] = (0.130157, 0.00295743, 2.95743e-06)
-----------------------------------------------------------------------
Initial allocation and brick-body-box intersection...OK (0.000 s)
Initial triangle brick intersection...OK (0.000 s)
Setting regions (1936 / 1936)...OK (0.000 s)
-----------------------------------------------------------------------
Base mesh info:
	3D task
	Nx=8
	Ny=11
	Nz=22
	N(Nx*Ny*Nz) = 88
	Period    axis=[0, 0, 0]
	Symmetry  ni=[0 0 0 0 0 0]
	ZoomingBC ni=[0 0 0 0 0 0]
	Nx=8
		x[0]=0
		x[1]=0.00546907
		x[2]=0.0109364
		x[3]=0.0164038
		x[4]=0.0218711
		x[5]=0.0273385
		x[6]=0.0328058
		x[7]=0.0382732
		x[8]=0.0437388
	Ny=11
		y[0]=0
		y[1]=0.00557821
		y[2]=0.0111549
		y[3]=0.0167316
		y[4]=0.0223083
		y[5]=0.0277734
		y[6]=0.0332386
		y[7]=0.0387038
		y[8]=0.0441689
		y[9]=0.0490209
		y[10]=0.0540684
		y[11]=0.0593174
	Nz=22
		z[0]=0
		z[1]=0.00591758
		z[2]=0.0118338
		z[3]=0.01775
		z[4]=0.0236662
		z[5]=0.0295825
		z[6]=0.0354987
		z[7]=0.0414149
		z[8]=0.0473311
		z[9]=0.0532473
		z[10]=0.0591636
		z[11]=0.0650798
		z[12]=0.070996
		z[13]=0.0769122
		z[14]=0.0828285
		z[15]=0.0887447
		z[16]=0.0946609
		z[17]=0.100577
		z[18]=0.106493
		z[19]=0.11241
		z[20]=0.118326
		z[21]=0.124242
		z[22]=0.130157
-----------------------------------------------------------------------
Input_mesh_settings--------------------------------
Settings 0----------------
	Scope: GLOBAL
	Type:	------MESHER_SETTINGS----------
	RefAllCells           =0
	RefFluidCells         =0
	RefPartCells          =0
	RefSolidCells         =0
	l_SSFR(Capture crit)  =1
	l_curv(Curvature crit)=0
	l_tol(Tolerance crit) =0
	UseChannelRef         =1
	  NCR_method          =0
	  l_NCR               =1
	  N_gap               =5
	  Use d_NCR_min       =0
	  Use d_NCR_max       =0
	CloseThinSlotsHeight         =0
	--END_OF_MESHER_SETTINGS-------
End of input mesh settings-------------------------
-----------------------------------------------------------------------
Memory Working Set Current = 43.54 Mb, Memory Working Set Peak = 47.62 Mb
Memory Private Bytes Current = 45.32 Mb, Memory Private Bytes Peak = 48.68 Mb
Process Threads Number: 22
-----------------------------------------------------------------------
MMP (msh): locals=12, allc_sz=0.37 MB, used_sz=0.22 MB, blks-min-max=1/3
MMP (brx): locals=16, allc_sz=0.40 MB, used_sz=0.23 MB, blks-min-max=1/2
MMP (bcf): locals=0, allc_sz=0.00 MB, used_sz=0.00 MB, blks-min-max=0/0
MMP (xsl): locals=0, allc_sz=0.00 MB, used_sz=0.00 MB, blks-min-max=0/0
NxNyNz = [8, 11, 22]
base_dx=0.00559202; 
NxNyNz_reverse = [8, 11, 23]

-----------------------------------------------------------------------
Refining geometries:
-----------------------------------------------------------------------

-----------------------------------------------------------------------
Refining by triangulation...
Refinement input: 1936 bricks
	Checking crit (1936 / 1936)...83 marked (0.100 s)
	Time(refinement): 0.000 s
Setting regions (664 / 2517)...OK (0.000 s)
	Checking crit (0 / 2517)...0 marked (0.000 s)
Refinement result (1 iterations): 2517 bricks (0.101 s)
Refinement input: 2517 bricks
	Checking crit (1853 / 2517)...0 marked (0.000 s)
Refinement result (0 iterations): 2517 bricks (0.000 s)
Collecting and processing rays:
	Adding rays...OK (0.000 s)
	new bricks = 2517 / 2517
	new rays   = 948 (x=377, y=395, z=176)
	Processing rays...
		Rays process:  0.029 (0.029) s
		Sort xstacks:  0.000 (0.000) s
		Put xstacks:   0.000 (0.000) s
		Total:         0.030 s
	Correcting rays...
		Lame vertices: 0.000 (0.000) s
		Bad rays:      0.000 (0.000) s
		Emit rays:     0.000 (0.000) s
		Correct ray f: 0.000 (0.000) s
		Undef:         0.000 (0.000) s
		Sum:           0.000 (0.000) s
		Total:         0.001 s
	Time (rays): 0.031 s
Capturing (2517 / 2517)...
Capturing takes (0.000 s)
Refining by triangulation takes 0.133 s
-----------------------------------------------------------------------

-----------------------------------------------------------------------
Refining peculiar surfaces...
Collecting and processing rays:
	Adding rays...OK (0.000 s)
	new bricks = 0 / 2517
	new rays   = 0 (x=0, y=0, z=0)
	Processing rays...
		Rays process:  0.000 (0.000) s
		Sort xstacks:  0.000 (0.000) s
		Put xstacks:   0.000 (0.000) s
		Total:         0.000 s
	Correcting rays...
		Total:         0.000 s
	Time (rays): 0.001 s
Capturing (0 / 2517)...
Capturing takes (0.000 s)
0 surfaces refined
Refining peculiar surfaces takes 0.001 s
-----------------------------------------------------------------------

-----------------------------------------------------------------------
Base mesh 1 Refining...
Collecting and processing rays:
	Adding rays...OK (0.000 s)
	new bricks = 0 / 2517
	new rays   = 0 (x=0, y=0, z=0)
	Processing rays...
		Rays process:  0.000 (0.000) s
		Sort xstacks:  0.000 (0.000) s
		Put xstacks:   0.000 (0.000) s
		Total:         0.000 s
	Correcting rays...
		Total:         0.000 s
	Time (rays): 0.001 s
Capturing (0 / 2517)...
Capturing takes (0.000 s)
Refinement input: 2517 bricks
	Checking crit (1853 / 2517)...0 marked (0.000 s)
Refinement result (0 iterations): 2517 bricks (0.000 s)
-----------------------------------------------------------------------
Refining channels...
FYI: CNarrowChannelRefiner::RefineChannels_PRLL
Refinement input: 2517 bricks
	Time(refinement): 0.000 s
Setting regions (880 / 3287)...OK (0.000 s)
Refinement result (1 iterations): 3287 bricks (0.001 s)
Collecting and processing rays:
	Adding rays...OK (0.000 s)
	new bricks = 880 / 3287
	new rays   = 114 (x=53, y=41, z=20)
	Processing rays...
		Rays process:  0.000 (0.000) s
		Sort xstacks:  0.000 (0.000) s
		Put xstacks:   0.000 (0.000) s
		Total:         0.000 s
	Correcting rays...
		Lame vertices: 0.000 (0.000) s
		Bad rays:      0.000 (0.000) s
		Emit rays:     0.000 (0.000) s
		Correct ray f: 0.000 (0.000) s
		Undef:         0.000 (0.000) s
		Sum:           0.000 (0.000) s
		Total:         0.000 s
	Time (rays): 0.001 s
Capturing (880 / 3287)...
Capturing takes (0.000 s)
FYI: m_iteration_count = 0
Level1 statistics:
     level1_cnt_plus[1]=880;		level1_cnt_minus[1]=0
     level1_cnt_plus[2]=0;		level1_cnt_minus[2]=0
     level1_cnt_plus[3]=0;		level1_cnt_minus[3]=0
     level1_cnt_plus[4]=0;		level1_cnt_minus[4]=0
     level1_cnt_plus[5]=0;		level1_cnt_minus[5]=0
     level1_cnt_plus[6]=0;		level1_cnt_minus[6]=0
     level1_cnt_plus[7]=0;		level1_cnt_minus[7]=0
     level1_cnt_plus[8]=0;		level1_cnt_minus[8]=0
     level1_cnt_plus[9]=0;		level1_cnt_minus[9]=0
FYI: m_iteration_count = 1
Level1 statistics:
     level1_cnt_plus[1]=880;		level1_cnt_minus[1]=0
     level1_cnt_plus[2]=0;		level1_cnt_minus[2]=0
     level1_cnt_plus[3]=0;		level1_cnt_minus[3]=0
     level1_cnt_plus[4]=0;		level1_cnt_minus[4]=0
     level1_cnt_plus[5]=0;		level1_cnt_minus[5]=0
     level1_cnt_plus[6]=0;		level1_cnt_minus[6]=0
     level1_cnt_plus[7]=0;		level1_cnt_minus[7]=0
     level1_cnt_plus[8]=0;		level1_cnt_minus[8]=0
     level1_cnt_plus[9]=0;		level1_cnt_minus[9]=0
Level1 statistics:
     level1_cnt_plus[1]=880;		level1_cnt_minus[1]=0
     level1_cnt_plus[2]=0;		level1_cnt_minus[2]=0
     level1_cnt_plus[3]=0;		level1_cnt_minus[3]=0
     level1_cnt_plus[4]=0;		level1_cnt_minus[4]=0
     level1_cnt_plus[5]=0;		level1_cnt_minus[5]=0
     level1_cnt_plus[6]=0;		level1_cnt_minus[6]=0
     level1_cnt_plus[7]=0;		level1_cnt_minus[7]=0
     level1_cnt_plus[8]=0;		level1_cnt_minus[8]=0
     level1_cnt_plus[9]=0;		level1_cnt_minus[9]=0

-----------------------------------------------------------------------
U-shapes refinement...
Refinement input: 3287 bricks
	Checking crit (1743 / 3287)...0 marked (0.000 s)
Refinement result (0 iterations): 3287 bricks (0.000 s)
Collecting and processing rays:
	Adding rays...OK (0.000 s)
	new bricks = 0 / 3287
	new rays   = 0 (x=0, y=0, z=0)
	Processing rays...
		Rays process:  0.000 (0.000) s
		Sort xstacks:  0.000 (0.000) s
		Put xstacks:   0.000 (0.000) s
		Total:         0.000 s
	Correcting rays...
		Total:         0.000 s
	Time (rays): 0.001 s
Capturing (0 / 3287)...
Capturing takes (0.000 s)
-----------------------------------------------------------------------

-----------------------------------------------------------------------
Equi Distant Refiner:
Equi Distant Refiner takes 0.00 s
-----------------------------------------------------------------------

/-Ray Intersection---------------/ Time	0.111 s
Calls                1062
CorrectRay Calls     0



-----------------------------------------------------------------------
Refining geometries takes 0.171 s
-----------------------------------------------------------------------
-----------------------------------------------------------------------
Memory Working Set Current = 55.33 Mb, Memory Working Set Peak = 55.33 Mb
Memory Private Bytes Current = 59.85 Mb, Memory Private Bytes Peak = 59.85 Mb
Process Threads Number: 22
-----------------------------------------------------------------------
Defect ray count	0
-----------------------------------------------------------------------
CNarrowChannelRefiner::RedistributeLevel1_step_1_new: started...
	PrePass:                     880
	Distribute level_1 on level = 0
	Front spread algorithm. Partition count = 16
	Time (front spread): 0.000 s
	Groups count = 0
	Changed level 1 count = 0
	Distribute level_1 on level = 1
	Front spread algorithm. Partition count = 16
	Time (front spread): 0.000 s
	Groups count = 10
	Changed level 1 count = 0
	AfterPass:                   880
CNarrowChannelRefiner::RedistributeLevel1_step_1_new: finished in 0.001 s
Level1 statistics:
     level1_cnt_plus[1]=880;		level1_cnt_minus[1]=0
     level1_cnt_plus[2]=0;		level1_cnt_minus[2]=0
     level1_cnt_plus[3]=0;		level1_cnt_minus[3]=0
     level1_cnt_plus[4]=0;		level1_cnt_minus[4]=0
     level1_cnt_plus[5]=0;		level1_cnt_minus[5]=0
     level1_cnt_plus[6]=0;		level1_cnt_minus[6]=0
     level1_cnt_plus[7]=0;		level1_cnt_minus[7]=0
     level1_cnt_plus[8]=0;		level1_cnt_minus[8]=0
     level1_cnt_plus[9]=0;		level1_cnt_minus[9]=0
CNarrowChannelRefiner::RedistributeLevel1_step_2: started...
	PrePass(step2):                     880
	Brick chains count: 3490
	Level 1 changed: 848 / 3287
	Sum (level 1 changed): 783
	AfterPass(step2):                   1265
CNarrowChannelRefiner::RedistributeLevel1_step_2: finished in 0.028 s
Level1 statistics:
     level1_cnt_plus[1]=1265;		level1_cnt_minus[1]=0
     level1_cnt_plus[2]=0;		level1_cnt_minus[2]=0
     level1_cnt_plus[3]=0;		level1_cnt_minus[3]=0
     level1_cnt_plus[4]=0;		level1_cnt_minus[4]=0
     level1_cnt_plus[5]=0;		level1_cnt_minus[5]=0
     level1_cnt_plus[6]=0;		level1_cnt_minus[6]=0
     level1_cnt_plus[7]=0;		level1_cnt_minus[7]=0
     level1_cnt_plus[8]=0;		level1_cnt_minus[8]=0
     level1_cnt_plus[9]=0;		level1_cnt_minus[9]=0
CNarrowChannelRefiner::RedistributeLevel1_step_3_new: started...
	PrePass(step3):                     1265
	Distribute level_1 on level = 0
	Front spread algorithm. Partition count = 16
	Time (front spread): 0.000 s
	Groups count = 1
	Changed level 1 count = 0
	Distribute level_1 on level = 1
	Front spread algorithm. Partition count = 16
	Time (front spread): 0.000 s
	Groups count = 17
	Changed level 1 count = 199
	AfterPass(step3):                   1464
CNarrowChannelRefiner::RedistributeLevel1_step_3_new: finished in 0.001 s
Level1 statistics:
     level1_cnt_plus[1]=1265;		level1_cnt_minus[1]=199
     level1_cnt_plus[2]=0;		level1_cnt_minus[2]=0
     level1_cnt_plus[3]=0;		level1_cnt_minus[3]=0
     level1_cnt_plus[4]=0;		level1_cnt_minus[4]=0
     level1_cnt_plus[5]=0;		level1_cnt_minus[5]=0
     level1_cnt_plus[6]=0;		level1_cnt_minus[6]=0
     level1_cnt_plus[7]=0;		level1_cnt_minus[7]=0
     level1_cnt_plus[8]=0;		level1_cnt_minus[8]=0
     level1_cnt_plus[9]=0;		level1_cnt_minus[9]=0
MMP (ncr): locals=16, allc_sz=4.15 MB, used_sz=3.61 MB, blks-min-max=4/10
-----------------------------------------------------------------------
MSH format builder (Iteration 0)
-----------------------------------------------------------------------
Memory Working Set Current = 54.60 Mb, Memory Working Set Peak = 58.15 Mb
Memory Private Bytes Current = 59.23 Mb, Memory Private Bytes Peak = 62.40 Mb
Process Threads Number: 22
-----------------------------------------------------------------------
Total bricks count: 3287
-----------------------------------------------------------------------
MSH (Real Geometry) format constructor:
	Geom    Count = 2
	Bodyset Count = 2
	3D task
	Getting parser brick sets...OK (0.000 s)

	Min x-stack xeps = 4.02184e-06
	D / dh / eps [axis=0] = (0.0437388, 0.00273282, 1.34061e-06)
	D / dh / eps [axis=1] = (0.0593174, 0.00242601, 1.34061e-06)
	D / dh / eps [axis=2] = (0.130157, 0.00295811, 1.34061e-06)
	Time (xeps): 0.000 s
Level 1
	Set (0)  size: 772
	Set (0)  time: 0.075 s
	Set (1)  size: 772
	Set (1)  time: 0.053 s
Level 0
	Set (0)  size: 871
	Set (0)  time: 0.002 s
	Set (1)  size: 872
	Set (1)  time: 0.002 s

	Spread npq bricks...5 marked (0.000 s)

Result:
	Bricks number:                        3287

	Memory usage:                         1.122 MB
	Memory usage (per brick):             0.349 KB
	Construction time:                    0.134 s

	Topology features:
	------------------
	- High quality bricks                   99.06 % (3256)
	- Medium quality bricks                  0.94 % (31)
	- Bad quality bricks                     0.00 % (0)
	- NPQ bricks                             1.19 % (39)
	- Type-1 bricks                         35.96 % (1182)
	- Ribs corrected bricks                  0.00 % (0)
	- Points with geom-info (bricks)         1.22 % (40)
	- Points with closest-info (bricks)      0.12 % (4)
	- Triangulated by center (bricks)        1.19 % (39)
	- Facet w-faces mergings (bricks)        0.00 % (0)
	- To refine (bricks)                     0.00 % (0)
	- Points-count                           0.00 % (0)
	- T-self-intersection-all (bricks)       0.00 % (0)
	- T-self-intersection-simple (bricks)    0.00 % (0)
	- T-self-intersection-complex (bricks)   0.00 % (0)
	- NPQ by reason 1 u-shape                0.03 % (1)
	- NPQ by reason 2 tri-by-ctr             0.21 % (7)
	- NPQ by reason 3 ray-correction         0.00 % (0)
	- NPQ by reason 4 t-self-intersection    0.00 % (0)
	- NPQ by reason 5 non-good               0.94 % (31)
	- NPQ by reason 6 npq-worker             0.00 % (0)

-----------------------------------------------------------------------
Memory Working Set Current = 106.07 Mb, Memory Working Set Peak = 106.07 Mb
Memory Private Bytes Current = 117.42 Mb, Memory Private Bytes Peak = 117.42 Mb
Process Threads Number: 22
-----------------------------------------------------------------------
-----------------------------------------------------------------------
msh-iterations: 1
-----------------------------------------------------------------------
high---q-brick-count =  99.06 % (3287 3256)
medium-q-brick-count =   0.94 % (3287 31)
bad----q-brick-count =   0.00 % (3287 0)
np-----q-brick-count =   1.34 % (3287 44)
-----------------------------------------------------------------------
Free brick parser storage...OK(0.008 s)
-----------------------------------------------------------------------
Memory Working Set Current = 94.95 Mb, Memory Working Set Peak = 106.08 Mb
Memory Private Bytes Current = 106.11 Mb, Memory Private Bytes Peak = 117.42 Mb
Process Threads Number: 22
-----------------------------------------------------------------------
-----------------------------------------------------------------------
MSH --> BCF format (Iteration 0)...
BCF collector...(remove mode=0)
	Time (alloc counter per brick): 0.000 s
	Brick    count: 3287
	Av.f all count: 2510
	Av.s all count: 2314
	Av.f pid count: 1429
	Av.s pid count: 1290
	Faces fs count: 4793
	Faces ff count: 0
	Faces ss count: 0
	Faces bb count: 0
	Faces fe count: 605
	Faces se count: 479
	Faces fw count: 5877
	Faces af count: 6603
	Faces as count: 6298
	Time (all count): 	0.001 s
	Time (bcf alloc): 	0.001 s
	Time (shifts alloc): 	0.000 s
	Time (shifts init): 	0.000 s
	Time (bcf fill): 	0.001 s
	Time (add av to faces): 0.000 s
	Time (add faces to av): 0.001 s
Time (bcf collect): 		0.004 s
	AV checker...
		Hole marker...
	Front spread algorithm. Partition count = 16
	Front spread algorithm. Partition count = 16
	Time (front spread): 0.001 s
	Time (front spread): 0.001 s
			Subdomains:               2.
			Subdomains (cond):        6.
			Time (subdomain constructors): 0.001 s.
			Time (potential-hole marking): 	0.000 s
	Front spread algorithm. Partition count = 16
	Time (front spread): 0.000 s
			Hole av set size = 4
			Hole checking...
			Time (hole checking): 0.001 s.
			0 av(s) are marked to fill 0 subdomain holes.
		Time (hole marker): 0.011 s.
	Time (check av): 	0.011 s
	Subdomain checker...
	Front spread algorithm. Partition count = 16
	Time (front spread): 0.001 s
		Subdomains construction time: 0.001 s.
		Subdomains sort time: 0.000 s.
			Subdomain 0 (geom_ind=0): 2506 av
			Subdomain 1 (geom_ind=0): 4 av
			Subdomain 2 (geom_ind=1): 2314 av
		gi: 0, real bodies: 1
		gi: 0, subdomains:  2
		Defect subdomains by real bodies count: 1
		gi: 1, real bodies: 0
		gi: 1, subdomains:  1
		Defect subdomains: 1
	Time (check subdoms): 	0.001 s
Free bcf...            OK	Time=0.000 s
	Time (corr msh): 	0.000 s
	Bricks corrected: 4
Time (bcf iteration total): 	0.020 s
-----------------------------------------------------------------------
MSH --> BCF format (Iteration 1)...
BCF collector...(remove mode=0)
	Time (alloc counter per brick): 0.000 s
	Brick    count: 3287
	Av.f all count: 2506
	Av.s all count: 2314
	Av.f pid count: 1425
	Av.s pid count: 1290
	Faces fs count: 4781
	Faces ff count: 0
	Faces ss count: 0
	Faces bb count: 0
	Faces fe count: 605
	Faces se count: 479
	Faces fw count: 5865
	Faces af count: 6599
	Faces as count: 6302
	Time (all count): 	0.004 s
	Time (bcf alloc): 	0.001 s
	Time (shifts alloc): 	0.000 s
	Time (shifts init): 	0.000 s
	Time (bcf fill): 	0.001 s
	Time (add av to faces): 0.000 s
	Time (add faces to av): 0.001 s
Time (bcf collect): 		0.009 s
	AV checker...
		Hole marker...
	Front spread algorithm. Partition count = 16
	Front spread algorithm. Partition count = 16
	Time (front spread): 0.000 s
	Time (front spread): 0.000 s
			Subdomains:               1.
			Subdomains (cond):        5.
			Time (subdomain constructors): 0.000 s.
			Time (potential-hole marking): 	0.000 s
	Front spread algorithm. Partition count = 16
	Time (front spread): 0.000 s
			Hole av set size = 4
			Hole checking...
			Time (hole checking): 0.000 s.
			0 av(s) are marked to fill 0 subdomain holes.
		Time (hole marker): 0.002 s.
	Time (check av): 	0.002 s
	Subdomain checker...
	Front spread algorithm. Partition count = 16
	Time (front spread): 0.000 s
		Subdomains construction time: 0.000 s.
		Subdomains sort time: 0.000 s.
			Subdomain 0 (geom_ind=0): 2506 av
			Subdomain 1 (geom_ind=1): 2314 av
		gi: 0, real bodies: 1
		gi: 0, subdomains:  1
		gi: 1, real bodies: 0
		gi: 1, subdomains:  1
		Defect subdomains: 0
	Time (check subdoms): 	0.001 s
Time (bcf iteration total): 	0.012 s
	Sum of fw-nb: 		4239
	Time (fw-nb): 		0.001 s
	Fixed mutual fw-nb:     4239 (bb: 0)
	Time (fw-nb mutual): 	0.001 s
	Time (fw-nb sort): 	0.000 s
	Fw-opt BEFORE total:    5865 (fs=4781, ff=0, ss=0)
	Fw-opt AFTER  total:    5003 (fs=3919, ff=0, ss=0, failed fw/br=9/2, big_curv=59, big_poly=11)
	Fw-opt RESULT:          862 (res/(fs+ff+ss) = 18.03 %)
	Time (fw-opt): 		0.001 s
	Time (fw-re-order): 	0.000 s
	Sum of fw-nb: 		9929
	Time (fw-nb): 		0.007 s
	Fixed mutual fw-nb:     9929 (bb: 0)
	Time (fw-nb mutual): 	0.001 s
	Time (fw-nb sort): 	0.000 s
	Time (rfd fix): 	0.000 s
	Time (av convexity): 	0.000 s
	Time (av small volume): 0.000 s
	Time (diagonal fw-nb): 	0.008 s
	Fixed mutual fw-nb:     0 (bb: 0)
	Time (fw-nb mutual): 	0.000 s
	Time (fw-nb sort): 	0.001 s
	Front spread algorithm. Partition count = 16
	Time (front spread): 0.001 s
	Fluid subdomains: 1
	Faces fw-nb diff sd:    0
	Time (fw-nb diff sd): 	0.001 s
Time (bcf calc): 		0.032 s
-----------------------------------------------------------------------
Time (bcf total): 		0.064 s
-----------------------------------------------------------------------
bcf-iterations: 2
-----------------------------------------------------------------------
-----------------------------------------------------------------------
Mega-cv constructor for fluid...
	 44 av's is treated as thin
Relative size generator (threshold = 0.005)...
	Iteration 1 (small cluster count = 10)
	Iteration 2 (small cluster count = 4)
	Iteration 3 (small cluster count = 2)
	Iteration 4 (small cluster count = 1)
	Iteration 5 (small cluster count = 0)
	 9 mega-cv's generated
	 1 mega-cv's removed
Relative size generator is completed OK (0.005 s)
Apply fa-rules to mega-cv clusters fixes...
	Fa-rule violation fixes:        4 of        4 (total cluster# =        9)
OK (0.000 s)
Convert clusters:
	 8 mega-cv's total
Mega-cv count: 8
Time (mega-cv fill): 	0.000 s
Time (mega-cv total): 	0.007 s
-----------------------------------------------------------------------
Mixing plane rotation regions: NO.
Sliding mesh rotation regions: NO.
Fluid/fluid faces: NO.
-----------------------------------------------------------------------
Memory Working Set Current = 100.86 Mb, Memory Working Set Peak = 106.08 Mb
Memory Private Bytes Current = 113.02 Mb, Memory Private Bytes Peak = 117.42 Mb
Process Threads Number: 22
-----------------------------------------------------------------------
----------------------------------------------------------
BCF --> BCF.GEOMSUBDOM (bridge arrays):
MESH (0):
	Front spread algorithm. Partition count = 16
	Time (front spread): 0.001 s
	Fluid Subdom Constructor: 1 subdom(s).
	Front spread algorithm. Partition count = 16
	Time (front spread): 0.000 s
	Solid Subdom Constructor: 1 subdom(s).
	Front spread algorithm. Partition count = 16
	Time (front spread): 0.000 s
	Net Asm Subdom Constructor: 0 subdom(s).
	GEOMSUBDOM (0): gi=0 Fluid av=2506 cv=2498 fa=6599 fw=4524 V=1.794348e-04
	Cache data...OK
	GEOMSUBDOM (1): gi=1 Solid av=2314 cv=2314 fa=6302 fw=4398 V=1.582540e-04
	Cache data...OK
	Setting nb of w-faces...OK (0.001 s).
	Correcting nb of w-faces...
	Time(correct_fw_nb)=0.001 s

MESH (0) checking:
	GEOMSUBDOM (0):fa_s=0.0968387675505896 fw_s=0.0314764732952329 fw_nb=43784
	              :d_const(877)=1.80578e-08 d_linear(877)=1.92446e-07
	GEOMSUBDOM (1):fa_s=0.0868263046996010 fw_s=0.0279493039023382 fw_nb=40774
	              :d_const(934)=1.40448e-08 d_linear(934)=2.19318e-09
MESH (0) checking: OK.
Time (MDS): 	0.008 s
----------------------------------------------------------
-----------------------------------------------------------------------
Memory Working Set Current = 102.82 Mb, Memory Working Set Peak = 106.08 Mb
Memory Private Bytes Current = 115.00 Mb, Memory Private Bytes Peak = 117.42 Mb
Process Threads Number: 22
-----------------------------------------------------------------------

-----------------------------------------------------------------------
BCF CHECKSUM DATA (Mesh 0):

WARNING! 13 w-face(s) without RefFacesData.
BRICK |Level1| Sum:               1464
FACE_A Area Sum:   G.Fluid        0.0968387675505896
FACE_A Area Sum:   G.Solid        0.0868263046996010
FACE_W Area Sum:                  0.0457208439426467
FACE_W Nb   Sum:                  45766
FACE_W min curvatures sum:        -3340436891.32191849
FACE_W max curvatures sum:        4235502.59283277
AV Max Disbalance(Const) :        1.80578e-08 (cid=1695, t={7, 10, 23}, avid=1222, pid=693)
AV Max Disbalance(Linear):        1.92446e-07 (cid=1695, t={7, 10, 23}, avid=1222, pid=693)
-----------------------------------------------------------------------


-----------------------------------------------------------------------
MESHER TOPOLOGY DATA:

BRICKS: Total                 3287
BRICKS: Fluid                 2263
BRICKS: Fluid Partial         1182
BRICKS: Type 1                1182
BRICKS: Max AV number         6
BRICKS: |level1| sum          1464


AV:     G.Total               4820
AV:     G.Fluid               2506
AV:     G.Solid               2314

AV:     G.Fluid Thin Profile    4.19 % (105)
AV:     G.Solid Thin Profile    8.77 % (203)

AV:     G.Fluid Thin For Mega   1.76 % (44)
AV:     G.Solid Thin For Mega   3.67 % (85)

AV:     G.Fluid Non-Convex     19.39 % (486)
AV:     G.Solid Non-Convex     22.99 % (532)

AV:     G.Fluid Non-Ess-Convex     17.16 % (430)
AV:     G.Solid Non-Ess-Convex     21.39 % (495)

FACE_A: G.Fluid          (af) 6599 (partially opened 2905)
FACE_A: G.Solid          (as) 6302 (partially opened 2782)

FACE_W: G.Total                 5003        Brick/Bound
FACE_W: G.Fluid/Solid    (fs_g) 3919        0           
FACE_W: G.Fluid/Fluid    (ff_g) 0           0           
FACE_W: G.Solid/Solid    (ss_g) 0           0           
FACE_W: G.Fluid/Void     (fv_g) 0           0           
FACE_W: G.Fluid/External (fe_g) 605
FACE_W: G.Solid/External (se_g) 479

AV/CV max fa count (on brick side):4
AV/CV max fw count:                4
AV/CV max fw poly count:           77

MEMORY: Total                   2.136 MB
MEMORY: Per Brick               0.665 KB
-----------------------------------------------------------------------

-----------------------------------------------------------------------
Connectivities information:
	Number of conns: 0
-----------------------------------------------------------------------
	Time (gap size): 	0.025 s
-----------------------------------------------------------------------
Memory Working Set Current = 106.98 Mb, Memory Working Set Peak = 106.98 Mb
Memory Private Bytes Current = 118.98 Mb, Memory Private Bytes Peak = 118.98 Mb
Process Threads Number: 22
-----------------------------------------------------------------------
-----------------------------------------------------------------------
Calculating curvature and tolerance criteria...
Curvature: min=0 (cid=0) max=3.14159 (cid=543)
Tolerance: min=0 (cid=0) max=0.00293904 (cid=1687)
Calculating curvature and tolerance criteria takes 0.072 s
-----------------------------------------------------------------------
MESH Build(FS) finished. Time=0.540 s
-----------------------------------------------------------------------
Current CPU = 1 sec

Nx=8
Ny=11
Nz=22
Max BRICK Level=1
Mesh Level=1
-----------------CModelBodies2MeshMapper::CollectData started -------------------------------
	Time (collect mesh base data): 0.002 s.
	Time (collect model bodies mapping): 0.000 s.
	Time (collect positive bodies mapping): 0.000 s.
	Time (collect fluid bodies mapping): 0.001 s.
-----------------CModelBodies2MeshMapper Report -------------------------------
FluidDomains 1 SolidDomains 1 VoidDomains 0 
Domains RefIndexes
----------------- -------------------------------
	ModelBodies
Total resolved Bodies 0 BodySets 0

--------------------------------------------------------------------------
	Positive geometry Bodies
Total resolved Bodies 1 BodySets 1
BodySet 0
	Bodies list:
			#0	Name: ;	ID: 299145e7-6c5d-4e03-ade9-6e1619ed75a1
	Domains list:mesh type	 (0, 1)		 0 


--------------------------------------------------------------------------
	Fluid regions
Total resolved Bodies 1 BodySets 1
BodySet 0	Material: Air; 
	Bodies list:
			#0	Name: ;	ID: 299145e7-6c5d-4e03-ade9-6e1619ed75a1
	Domains list:mesh type	 (0, 1)		 0 


--------------------------------------------------------------------------
Collect data takes...0.003 s
-----------------CModelBodies2MeshMapper::CollectData finished successfully-------------------
Saving initial mesh in: C:\Users\mdn\Developer\MIT_Rkt_Aurora_Aero\AeroShell_proj\New\7\7.fld .
Storing results...
	Estimated CPT size=1.103 MB.
Write section 436 takes 0.000 s
Write section 101 takes 0.000 s
Write section 400 takes 0.003 s
Write section 437 takes 0.001 s
Write mesh/bricks section: 0.003 s
Write section 408 takes 0.006 s
Write section 427 takes 0.001 s
Write msh format: 0.007 s
Write section 406 takes 0.001 s
Write section 405 takes 0.000 s
Write section 401 takes 0.007 s
Write section 402 takes 0.011 s
Write section 407 takes 0.003 s
Write section 421 takes 0.005 s
Write section 404 takes 0.003 s
Write section 416 takes 0.001 s
Write section 411 takes 0.001 s
Write section 413 takes 0.000 s
Write section 432 takes 0.000 s
Write plain bcf: 0.040 s
Write section 448 takes 0.003 s
Write section 446 takes 0.000 s
Write section 516 takes 0.000 s
	Time (write bcf): 0.054 s
X_STACK_LIST::write_x_stack_list4: started...
X_STACK_LIST::write_x_stack_list4: finished in 0.005 s
Storing results takes 0.062 s
-----------------------------------------------------------------------
Memory Working Set Current = 112.87 Mb, Memory Working Set Peak = 113.41 Mb
Memory Private Bytes Current = 124.10 Mb, Memory Private Bytes Peak = 124.82 Mb
Process Threads Number: 22
-----------------------------------------------------------------------
Cleaning memory...
-----------------------------------------------------------------------
Start to free mesher data...
MMP (msh): locals=15, allc_sz=0.53 MB, used_sz=0.41 MB, blks-min-max=1/4
MMP (brx): locals=16, allc_sz=2.40 MB, used_sz=2.07 MB, blks-min-max=6/8
MMP (bcf): locals=16, allc_sz=4.00 MB, used_sz=3.61 MB, blks-min-max=4/35
MMP (xsl): locals=16, allc_sz=0.25 MB, used_sz=0.10 MB, blks-min-max=1/1
Free xsl...            OK	Time=0.000 s
Free ray collector...  OK	Time=0.000 s
Free ray intersector...OK	Time=0.001 s
Free body sets...      OK	Time=0.006 s
Free Geometry DB takes 0.000 s
Free mesh conn...      OK	Time=0.000 s
Free geomsd...         OK	Time=0.000 s
Free mbricks...        OK	Time=0.000 s
Free hash info...      OK	Time=0.000 s
Free bricks-x...       OK	Time=0.000 s
Free bcf...            OK	Time=0.000 s
Free mesh h...         OK	Time=0.000 s
Free bricks arr..      OK	Time=0.000 s
Free bricks tree...    OK	Time=0.000 s
Free mesh pools...     OK	Time=0.003 s
Free bodies mapper...  OK	Time=0.000 s
Free geom crits...     OK	Time=0.000 s
Free cpt regions...    OK	Time=0.000 s
Free peculiar surfs... OK	Time=0.000 s
Free sw-geometries...  OK	Time=0.000 s
Total free mesher data time: 0.013 s
-----------------------------------------------------------------------
Copying... OK
CPT size=0.831 MB (871586 bytes).
Mesh generation normally finished at	12.10.2024	15:24:52
Mesher CPU = 1 sec
Mesher is finished at	12.10.2024	15:24:52
-----------------------------------------------------------------------
Memory Working Set Current = 80.70 Mb, Memory Working Set Peak = 113.41 Mb
Memory Private Bytes Current = 90.02 Mb, Memory Private Bytes Peak = 124.82 Mb
Process Threads Number: 22
-----------------------------------------------------------------------
Algebra Pool      : mem_usage = 0.06 Mb, allocated count = 0
-----------------------------------------------------------------------
Memory Working Set Current = 80.66 Mb, Memory Working Set Peak = 113.41 Mb
Memory Private Bytes Current = 90.02 Mb, Memory Private Bytes Peak = 124.82 Mb
Process Threads Number: 22
Process Threads Number Peak: 22
-----------------------------------------------------------------------
Log ended at 12.10.2024	15:24:52
