OK
Log started at 06.10.2024	12:39:47
Number of used processors (NPROC): 16.
Number of mesh partitions (NPART): 16.
Total Physical Memory = 63.75 Gb, Available Physical Memory = 52.44 Gb
Computer name:	DESKTOP-H9COBF1
Operating system:	Windows 11 (or higher) (Version 10.0.22631)

Commandline:	"C:\Program Files\SOLIDWORKS Corp\SOLIDWORKS Flow Simulation\BINCFW\efdsolver.exe" /config:"C:\Users\mdn\Developer\MIT_Rkt_Aurora_Aero\AeroShell_proj\Old\5\5.xmlconfig" /guid:22a11b1a-e817-4470-aa83-44ef9f27e8d9 /processors:max /m /s /prjnamelm:"Flow Simulation 2024" /prjnamehabout:"Flow Simulation 2024" /companyname:"COSMOS Applications" /prjaliasid:1002 /lang:English /port:50647

SOLIDWORKS 2024 SP3.1
Flow Simulation 2024  x64 / 6376

Project: C:\Users\mdn\Developer\MIT_Rkt_Aurora_Aero\AeroShell_proj\Old\5\5.xmlconfig
Configuration name: Default
Project name: Mach1.5
Problem type: external-type
Exclude cavities without flow conditions: ON
NGK: OFF
MBO: OFF
-----------------------------------------------------------------------
Mesher option run = eRunMesherNormal
-----------------------------------------------------------------------

Mesh generation started:	6.10.2024	12:39:47
-----------------------------------------------------------------------
Memory Working Set Current = 15.68 Mb, Memory Working Set Peak = 15.68 Mb
Memory Private Bytes Current = 16.14 Mb, Memory Private Bytes Peak = 16.14 Mb
Process Threads Number: 7
-----------------------------------------------------------------------
Mesher adjust APD = OFF; AdjustAPD_method=0; N_per_Channel = 0; N2_per_Channel = 0
Current CPU = 0 sec
-----------------------------------------------------------------------
Geometries initialization:
-----------------------------------------------------------------------
Loading mesh settings (global/local)...
-----------------------------------------------------------------------
Number of geometries from DB: 1
Geometry(0):
	Guid = {00000000-0000-0000-0000-000000000000}
	Fluid..
	1 Body.
	1 Real body.
	-- Bodyset 0 --
		Tolerance=3.84595e-05.
		909 Face(s).
			909 of b-spline type.
		0 Face(s) that have no ref faces
		305 Plane surface(s).
		230 Cylinder surface(s).
		3 Cone surface(s).
		21 Sphere surface(s).
		142 Torus surface(s).
		208 B- surface(s).
		41202 Triangle(s).
		Getting triangle connectivities from DB: 0.011 s
		2170 Edge(s).
			2170 of b-spline type.
		BodyGeom reading: 0.085 s.
		896 Reference Face(s).
		40494 Reference Triangles.
		Getting triangle connectivities from DB (Ref): 0.021 s
		BodyGeom Ref reading: 0.049 s.
Geometry(1):
	Solid.
	-- Bodyset 1 --
	Empty
-----------------------------------------------------------------------
Number of geometries in task: 2
	G : 0	Type: Fluid	Bodies: 1		Faces: 909		Edges: 2170		Triangles: 41202
	G : 1	Type: Solid	Bodies: 0		Faces: 0		Edges: 0		Triangles: 0
Number of bodysets in task: 2

Bodies:     1
Faces:      909
Edges:      2170
Triangles:  41202
-----------------------------------------------------------------------
BodySet (0):
	Making hash and connectivity for Bodyset ...
		CBodyGeom:
		Hash size: {48, 42, 52}.
		Mesh size: {16, 14, 26}.
		Hashing triangles...Ok.
			axis(0) tr sizes: average=55 max=2588
			axis(1) tr sizes: average=35 max=3553
			axis(2) tr sizes: average=66 max=1121
		Making triangles connectivity...Ok. (0.006 s).
		Neighbour triangles: 99.99 % (good connect:41198) - 0.01 % (bad connect:4). Min: 1. Max: 3.
		Number of t-connected sets:1 (cavity=0)
		CBodyGeomRef:
		Hashing triangles...Ok.
			axis(0) tr sizes: average=228 max=3608
			axis(1) tr sizes: average=135 max=7395
			axis(2) tr sizes: average=596 max=3344
	0.137 s.
Geometries reading and preparing has taken 0.331 s.
-----------------------------------------------------------------------
Mapped triangles:
Hashing rough geometry(bodies) triangulation:
BodySet (0):
	Triangles num=41202
	Triangles box={-0.0590818 ,0.0133502 ,0.0473417 ,0.0842388 ,0.0451066 ,0.176581}
		3d-hash size is 272484 bytes
		Making triangles connectivity...Ok. (0.008 s).
		Neighbour triangles: 99.99 % (good connect:41198) - 0.01 % (bad connect:4). Min: 1. Max: 3.
BodySet (1):
no log info (empty stream)

Mapped triangles processed in 0.107 s.
-----------------------------------------------------------------------
-----------------------------------------------------------------------
Getting sectors:
Number of sectors: 0
-----------------------------------------------------------------------
Current CPU = 1 sec
-----------------------------------------------------------------------
Memory Working Set Current = 53.92 Mb, Memory Working Set Peak = 62.34 Mb
Memory Private Bytes Current = 53.93 Mb, Memory Private Bytes Peak = 61.63 Mb
Process Threads Number: 22
-----------------------------------------------------------------------
-----------------------------------------------------------------------
Checking faces on CD...
FCD = [0 0 0 0 0 0]
FCD_conflicts = 0
Time (check faces on CD)=0.017 s
-----------------------------------------------------------------------

-----------------------------------------------------------------------
Mesh dimensions:
				I[0 ]=16
				I[1 ]=14
				I[2 ]=26

Comp. domain size:
				a[0  ]=-0.0590096
				a[1  ]=0.0132779
				a[2  ]=0.0474062
				a[3  ]=0.111872
				a[4  ]=0.0452379
				a[5  ]=0.17645

Fluid calculated			1
Solid calculated			0
-----------------------------------------------------------------------
MESH Build started...
-----------------------------------------------------------------------
Mesh LEVEL = 1
-----------------------------------------------------------------------
-----------------------------------------------------------------------
CPT-mode xeps:
	D / dh / eps [axis=0] = (0.0722874, 0.00225827, 2.25827e-06)
	D / dh / eps [axis=1] = (0.0644658, 0.0020874, 2.0874e-06)
	D / dh / eps [axis=2] = (0.131212, 0.00252273, 2.52273e-06)
-----------------------------------------------------------------------
Initial allocation and brick-body-box intersection...OK (0.000 s)
Initial triangle brick intersection...OK (0.000 s)
Setting regions (5824 / 5824)...OK (0.000 s)
-----------------------------------------------------------------------
Base mesh info:
	3D task
	Nx=16
	Ny=14
	Nz=26
	N(Nx*Ny*Nz) = 224
	Period    axis=[0, 0, 0]
	Symmetry  ni=[0 0 0 0 0 0]
	ZoomingBC ni=[0 0 0 0 0 0]
	Nx=16
		x[0]=-0.0590096
		x[1]=-0.0544902
		x[2]=-0.0499722
		x[3]=-0.0454542
		x[4]=-0.0409363
		x[5]=-0.0364183
		x[6]=-0.0319003
		x[7]=-0.0273824
		x[8]=-0.0228644
		x[9]=-0.0183465
		x[10]=-0.0138285
		x[11]=-0.00931052
		x[12]=-0.00479256
		x[13]=-0.000274592
		x[14]=0.00424337
		x[15]=0.00876134
		x[16]=0.0132779
	Ny=14
		y[0]=0.0474062
		y[1]=0.0520115
		y[2]=0.0566156
		y[3]=0.0612197
		y[4]=0.0658237
		y[5]=0.0703357
		y[6]=0.0748477
		y[7]=0.0793597
		y[8]=0.0838717
		y[9]=0.0880465
		y[10]=0.0924069
		y[11]=0.096961
		y[12]=0.101717
		y[13]=0.106685
		y[14]=0.111872
	Nz=26
		z[0]=0.0452379
		z[1]=0.0502856
		z[2]=0.0553323
		z[3]=0.0603789
		z[4]=0.0654255
		z[5]=0.0704721
		z[6]=0.0755188
		z[7]=0.0805654
		z[8]=0.085612
		z[9]=0.0906586
		z[10]=0.0957052
		z[11]=0.100752
		z[12]=0.105798
		z[13]=0.110845
		z[14]=0.115892
		z[15]=0.120938
		z[16]=0.125985
		z[17]=0.131032
		z[18]=0.136078
		z[19]=0.141125
		z[20]=0.146171
		z[21]=0.151218
		z[22]=0.156265
		z[23]=0.161311
		z[24]=0.166358
		z[25]=0.171405
		z[26]=0.17645
-----------------------------------------------------------------------
Input_mesh_settings--------------------------------
Settings 0----------------
	Scope: GLOBAL
	Type:	------MESHER_SETTINGS----------
	RefAllCells           =0
	RefFluidCells         =0
	RefPartCells          =0
	RefSolidCells         =0
	l_SSFR(Capture crit)  =1
	l_curv(Curvature crit)=0
	l_tol(Tolerance crit) =0
	UseChannelRef         =1
	  NCR_method          =0
	  l_NCR               =1
	  N_gap               =5
	  Use d_NCR_min       =0
	  Use d_NCR_max       =0
	CloseThinSlotsHeight         =0
	--END_OF_MESHER_SETTINGS-------
End of input mesh settings-------------------------
-----------------------------------------------------------------------
Memory Working Set Current = 55.44 Mb, Memory Working Set Peak = 62.34 Mb
Memory Private Bytes Current = 55.48 Mb, Memory Private Bytes Peak = 61.63 Mb
Process Threads Number: 22
-----------------------------------------------------------------------
MMP (msh): locals=9, allc_sz=0.80 MB, used_sz=0.67 MB, blks-min-max=1/10
MMP (brx): locals=16, allc_sz=0.93 MB, used_sz=0.70 MB, blks-min-max=1/5
MMP (bcf): locals=0, allc_sz=0.00 MB, used_sz=0.00 MB, blks-min-max=0/0
MMP (xsl): locals=0, allc_sz=0.00 MB, used_sz=0.00 MB, blks-min-max=0/0
NxNyNz = [16, 14, 26]
base_dx=0.0047231; 
NxNyNz_reverse = [15, 14, 28]

-----------------------------------------------------------------------
Refining geometries:
-----------------------------------------------------------------------

-----------------------------------------------------------------------
Refining by triangulation...
Refinement input: 5824 bricks
	Checking crit (5824 / 5824)...171 marked (0.144 s)
	Time(refinement): 0.000 s
Setting regions (1368 / 7021)...OK (0.000 s)
	Checking crit (0 / 7021)...0 marked (0.000 s)
Refinement result (1 iterations): 7021 bricks (0.146 s)
Refinement input: 7021 bricks
	Checking crit (5653 / 7021)...0 marked (0.001 s)
Refinement result (0 iterations): 7021 bricks (0.001 s)
Collecting and processing rays:
	Adding rays...OK (0.001 s)
	new bricks = 7021 / 7021
	new rays   = 1768 (x=626, y=780, z=362)
	Processing rays...
		Rays process:  0.058 (0.058) s
		Sort xstacks:  0.000 (0.000) s
		Put xstacks:   0.001 (0.001) s
		Total:         0.059 s
	Correcting rays...
		Lame vertices: 0.002 (0.006) s
		Bad rays:      0.000 (0.000) s
		Emit rays:     0.024 (0.024) s
		Correct ray f: 0.000 (0.000) s
		Undef:         0.000 (0.000) s
		Sum:           0.030 (0.030) s
		Total:         0.032 s
	Time (rays): 0.094 s
Capturing (7021 / 7021)...
Capturing takes (0.031 s)
Refining by triangulation takes 0.272 s
-----------------------------------------------------------------------

-----------------------------------------------------------------------
Refining peculiar surfaces...
Collecting and processing rays:
	Adding rays...OK (0.000 s)
	new bricks = 0 / 7021
	new rays   = 0 (x=0, y=0, z=0)
	Processing rays...
		Rays process:  0.000 (0.000) s
		Sort xstacks:  0.000 (0.000) s
		Put xstacks:   0.000 (0.000) s
		Total:         0.001 s
	Correcting rays...
		Total:         0.000 s
	Time (rays): 0.002 s
Capturing (0 / 7021)...
Capturing takes (0.001 s)
0 surfaces refined
Refining peculiar surfaces takes 0.004 s
-----------------------------------------------------------------------

-----------------------------------------------------------------------
Base mesh 1 Refining...
Collecting and processing rays:
	Adding rays...OK (0.000 s)
	new bricks = 0 / 7021
	new rays   = 0 (x=0, y=0, z=0)
	Processing rays...
		Rays process:  0.000 (0.000) s
		Sort xstacks:  0.000 (0.000) s
		Put xstacks:   0.000 (0.000) s
		Total:         0.000 s
	Correcting rays...
		Total:         0.000 s
	Time (rays): 0.002 s
Capturing (0 / 7021)...
Capturing takes (0.000 s)
Refinement input: 7021 bricks
	Checking crit (5653 / 7021)...0 marked (0.000 s)
Refinement result (0 iterations): 7021 bricks (0.001 s)
-----------------------------------------------------------------------
Refining channels...
FYI: CNarrowChannelRefiner::RefineChannels_PRLL
Refinement input: 7021 bricks
	Time(refinement): 0.001 s
Setting regions (2192 / 8939)...OK (0.000 s)
Refinement result (1 iterations): 8939 bricks (0.002 s)
Collecting and processing rays:
	Adding rays...OK (0.000 s)
	new bricks = 2192 / 8939
	new rays   = 176 (x=57, y=110, z=9)
	Processing rays...
		Rays process:  0.001 (0.001) s
		Sort xstacks:  0.000 (0.000) s
		Put xstacks:   0.000 (0.000) s
		Total:         0.002 s
	Correcting rays...
		Lame vertices: 0.000 (0.000) s
		Bad rays:      0.000 (0.000) s
		Emit rays:     0.000 (0.000) s
		Correct ray f: 0.000 (0.000) s
		Undef:         0.000 (0.000) s
		Sum:           0.000 (0.000) s
		Total:         0.001 s
	Time (rays): 0.004 s
Capturing (2192 / 8939)...
Capturing takes (0.001 s)
FYI: m_iteration_count = 0
Level1 statistics:
     level1_cnt_plus[1]=2192;		level1_cnt_minus[1]=0
     level1_cnt_plus[2]=0;		level1_cnt_minus[2]=0
     level1_cnt_plus[3]=0;		level1_cnt_minus[3]=0
     level1_cnt_plus[4]=0;		level1_cnt_minus[4]=0
     level1_cnt_plus[5]=0;		level1_cnt_minus[5]=0
     level1_cnt_plus[6]=0;		level1_cnt_minus[6]=0
     level1_cnt_plus[7]=0;		level1_cnt_minus[7]=0
     level1_cnt_plus[8]=0;		level1_cnt_minus[8]=0
     level1_cnt_plus[9]=0;		level1_cnt_minus[9]=0
FYI: m_iteration_count = 1
Level1 statistics:
     level1_cnt_plus[1]=2192;		level1_cnt_minus[1]=0
     level1_cnt_plus[2]=0;		level1_cnt_minus[2]=0
     level1_cnt_plus[3]=0;		level1_cnt_minus[3]=0
     level1_cnt_plus[4]=0;		level1_cnt_minus[4]=0
     level1_cnt_plus[5]=0;		level1_cnt_minus[5]=0
     level1_cnt_plus[6]=0;		level1_cnt_minus[6]=0
     level1_cnt_plus[7]=0;		level1_cnt_minus[7]=0
     level1_cnt_plus[8]=0;		level1_cnt_minus[8]=0
     level1_cnt_plus[9]=0;		level1_cnt_minus[9]=0
Level1 statistics:
     level1_cnt_plus[1]=2192;		level1_cnt_minus[1]=0
     level1_cnt_plus[2]=0;		level1_cnt_minus[2]=0
     level1_cnt_plus[3]=0;		level1_cnt_minus[3]=0
     level1_cnt_plus[4]=0;		level1_cnt_minus[4]=0
     level1_cnt_plus[5]=0;		level1_cnt_minus[5]=0
     level1_cnt_plus[6]=0;		level1_cnt_minus[6]=0
     level1_cnt_plus[7]=0;		level1_cnt_minus[7]=0
     level1_cnt_plus[8]=0;		level1_cnt_minus[8]=0
     level1_cnt_plus[9]=0;		level1_cnt_minus[9]=0

-----------------------------------------------------------------------
U-shapes refinement...
Refinement input: 8939 bricks
	Checking crit (5379 / 8939)...0 marked (0.004 s)
Refinement result (0 iterations): 8939 bricks (0.004 s)
Collecting and processing rays:
	Adding rays...OK (0.000 s)
	new bricks = 0 / 8939
	new rays   = 0 (x=0, y=0, z=0)
	Processing rays...
		Rays process:  0.000 (0.000) s
		Sort xstacks:  0.000 (0.000) s
		Put xstacks:   0.000 (0.000) s
		Total:         0.001 s
	Correcting rays...
		Total:         0.000 s
	Time (rays): 0.002 s
Capturing (0 / 8939)...
Capturing takes (0.000 s)
-----------------------------------------------------------------------

-----------------------------------------------------------------------
Equi Distant Refiner:
Equi Distant Refiner takes 0.00 s
-----------------------------------------------------------------------

/-Ray Intersection---------------/ Time	0.522 s
Calls                1944
CorrectRay Calls     0



-----------------------------------------------------------------------
Refining geometries takes 0.415 s
-----------------------------------------------------------------------
-----------------------------------------------------------------------
Memory Working Set Current = 71.81 Mb, Memory Working Set Peak = 71.81 Mb
Memory Private Bytes Current = 78.18 Mb, Memory Private Bytes Peak = 78.18 Mb
Process Threads Number: 22
-----------------------------------------------------------------------
Defect ray count	0
-----------------------------------------------------------------------
CNarrowChannelRefiner::RedistributeLevel1_step_1_new: started...
	PrePass:                     2192
	Distribute level_1 on level = 0
	Front spread algorithm. Partition count = 16
	Time (front spread): 0.000 s
	Groups count = 0
	Changed level 1 count = 0
	Distribute level_1 on level = 1
	Front spread algorithm. Partition count = 16
	Time (front spread): 0.001 s
	Groups count = 10
	Changed level 1 count = 0
	AfterPass:                   2192
CNarrowChannelRefiner::RedistributeLevel1_step_1_new: finished in 0.004 s
Level1 statistics:
     level1_cnt_plus[1]=2192;		level1_cnt_minus[1]=0
     level1_cnt_plus[2]=0;		level1_cnt_minus[2]=0
     level1_cnt_plus[3]=0;		level1_cnt_minus[3]=0
     level1_cnt_plus[4]=0;		level1_cnt_minus[4]=0
     level1_cnt_plus[5]=0;		level1_cnt_minus[5]=0
     level1_cnt_plus[6]=0;		level1_cnt_minus[6]=0
     level1_cnt_plus[7]=0;		level1_cnt_minus[7]=0
     level1_cnt_plus[8]=0;		level1_cnt_minus[8]=0
     level1_cnt_plus[9]=0;		level1_cnt_minus[9]=0
CNarrowChannelRefiner::RedistributeLevel1_step_2: started...
	PrePass(step2):                     2192
	Brick chains count: 5899
	Level 1 changed: 2677 / 8939
	Sum (level 1 changed): 2371
	AfterPass(step2):                   2929
CNarrowChannelRefiner::RedistributeLevel1_step_2: finished in 0.088 s
Level1 statistics:
     level1_cnt_plus[1]=2929;		level1_cnt_minus[1]=0
     level1_cnt_plus[2]=0;		level1_cnt_minus[2]=0
     level1_cnt_plus[3]=0;		level1_cnt_minus[3]=0
     level1_cnt_plus[4]=0;		level1_cnt_minus[4]=0
     level1_cnt_plus[5]=0;		level1_cnt_minus[5]=0
     level1_cnt_plus[6]=0;		level1_cnt_minus[6]=0
     level1_cnt_plus[7]=0;		level1_cnt_minus[7]=0
     level1_cnt_plus[8]=0;		level1_cnt_minus[8]=0
     level1_cnt_plus[9]=0;		level1_cnt_minus[9]=0
CNarrowChannelRefiner::RedistributeLevel1_step_3_new: started...
	PrePass(step3):                     2929
	Distribute level_1 on level = 0
	Front spread algorithm. Partition count = 16
	Time (front spread): 0.001 s
	Groups count = 1
	Changed level 1 count = 0
	Distribute level_1 on level = 1
	Front spread algorithm. Partition count = 16
	Time (front spread): 0.001 s
	Groups count = 25
	Changed level 1 count = 452
	AfterPass(step3):                   3381
CNarrowChannelRefiner::RedistributeLevel1_step_3_new: finished in 0.005 s
Level1 statistics:
     level1_cnt_plus[1]=2929;		level1_cnt_minus[1]=452
     level1_cnt_plus[2]=0;		level1_cnt_minus[2]=0
     level1_cnt_plus[3]=0;		level1_cnt_minus[3]=0
     level1_cnt_plus[4]=0;		level1_cnt_minus[4]=0
     level1_cnt_plus[5]=0;		level1_cnt_minus[5]=0
     level1_cnt_plus[6]=0;		level1_cnt_minus[6]=0
     level1_cnt_plus[7]=0;		level1_cnt_minus[7]=0
     level1_cnt_plus[8]=0;		level1_cnt_minus[8]=0
     level1_cnt_plus[9]=0;		level1_cnt_minus[9]=0
MMP (ncr): locals=16, allc_sz=7.99 MB, used_sz=7.17 MB, blks-min-max=8/13
-----------------------------------------------------------------------
MSH format builder (Iteration 0)
-----------------------------------------------------------------------
Memory Working Set Current = 69.33 Mb, Memory Working Set Peak = 76.50 Mb
Memory Private Bytes Current = 75.31 Mb, Memory Private Bytes Peak = 82.61 Mb
Process Threads Number: 22
-----------------------------------------------------------------------
Total bricks count: 8939
-----------------------------------------------------------------------
MSH (Real Geometry) format constructor:
	Geom    Count = 2
	Bodyset Count = 2
	3D task
	Getting parser brick sets...OK (0.001 s)

	Min x-stack xeps = 2.69936e-06
	D / dh / eps [axis=0] = (0.0722874, 0.00225898, 8.99786e-07)
	D / dh / eps [axis=1] = (0.0644658, 0.00225599, 8.99786e-07)
	D / dh / eps [axis=2] = (0.131212, 0.00252331, 8.99786e-07)
	Time (xeps): 0.001 s
Level 1
	Set (0)  size: 1780
	Set (0)  time: 0.131 s
	Set (1)  size: 1780
	Set (1)  time: 0.110 s
Level 0
	Set (0)  size: 2688
	Set (0)  time: 0.006 s
	Set (1)  size: 2691
	Set (1)  time: 0.005 s

	Spread npq bricks...19 marked (0.001 s)

Result:
	Bricks number:                        8939

	Memory usage:                         2.479 MB
	Memory usage (per brick):             0.284 KB
	Construction time:                    0.259 s

	Topology features:
	------------------
	- High quality bricks                   99.33 % (8879)
	- Medium quality bricks                  0.67 % (60)
	- Bad quality bricks                     0.00 % (0)
	- NPQ bricks                             0.89 % (80)
	- Type-1 bricks                         31.78 % (2841)
	- Ribs corrected bricks                  0.00 % (0)
	- Points with geom-info (bricks)         0.96 % (86)
	- Points with closest-info (bricks)      0.00 % (0)
	- Triangulated by center (bricks)        0.84 % (75)
	- Facet w-faces mergings (bricks)        0.00 % (0)
	- To refine (bricks)                     0.00 % (0)
	- Points-count                           0.00 % (0)
	- T-self-intersection-all (bricks)       0.00 % (0)
	- T-self-intersection-simple (bricks)    0.00 % (0)
	- T-self-intersection-complex (bricks)   0.00 % (0)
	- NPQ by reason 1 u-shape                0.10 % (9)
	- NPQ by reason 2 tri-by-ctr             0.12 % (11)
	- NPQ by reason 3 ray-correction         0.00 % (0)
	- NPQ by reason 4 t-self-intersection    0.00 % (0)
	- NPQ by reason 5 non-good               0.67 % (60)
	- NPQ by reason 6 npq-worker             0.00 % (0)

-----------------------------------------------------------------------
Memory Working Set Current = 121.55 Mb, Memory Working Set Peak = 121.55 Mb
Memory Private Bytes Current = 132.39 Mb, Memory Private Bytes Peak = 132.39 Mb
Process Threads Number: 22
-----------------------------------------------------------------------
-----------------------------------------------------------------------
msh-iterations: 1
-----------------------------------------------------------------------
high---q-brick-count =  99.33 % (8939 8879)
medium-q-brick-count =   0.67 % (8939 60)
bad----q-brick-count =   0.00 % (8939 0)
np-----q-brick-count =   1.11 % (8939 99)
-----------------------------------------------------------------------
Free brick parser storage...OK(0.012 s)
-----------------------------------------------------------------------
Memory Working Set Current = 113.09 Mb, Memory Working Set Peak = 121.55 Mb
Memory Private Bytes Current = 126.46 Mb, Memory Private Bytes Peak = 132.39 Mb
Process Threads Number: 22
-----------------------------------------------------------------------
-----------------------------------------------------------------------
MSH --> BCF format (Iteration 0)...
BCF collector...(remove mode=0)
	Time (alloc counter per brick): 0.001 s
	Brick    count: 8939
	Av.f all count: 8162
	Av.s all count: 4652
	Av.f pid count: 3591
	Av.s pid count: 3125
	Faces fs count: 10362
	Faces ff count: 0
	Faces ss count: 0
	Faces bb count: 0
	Faces fe count: 1396
	Faces se count: 704
	Faces fw count: 12462
	Faces af count: 22312
	Faces as count: 12212
	Time (all count): 	0.003 s
	Time (bcf alloc): 	0.003 s
	Time (shifts alloc): 	0.002 s
	Time (shifts init): 	0.002 s
	Time (bcf fill): 	0.004 s
	Time (add av to faces): 0.000 s
	Time (add faces to av): 0.002 s
Time (bcf collect): 		0.042 s
	AV checker...
		Hole marker...
	Front spread algorithm. Partition count = 16
	Front spread algorithm. Partition count = 16
	Time (front spread): 0.002 s
	Time (front spread): 0.002 s
			Subdomains:               2.
			Subdomains (cond):        3.
			Time (subdomain constructors): 0.003 s.
			Time (potential-hole marking): 	0.000 s
	Front spread algorithm. Partition count = 16
	Time (front spread): 0.001 s
			Hole av set size = 0
			Hole checking...
			Time (hole checking): 0.002 s.
			0 av(s) are marked to fill 0 subdomain holes.
		Time (hole marker): 0.009 s.
	Time (check av): 	0.013 s
	Subdomain checker...
	Front spread algorithm. Partition count = 16
	Time (front spread): 0.002 s
		Subdomains construction time: 0.002 s.
		Subdomains sort time: 0.000 s.
			Subdomain 0 (geom_ind=0): 8158 av
			Subdomain 1 (geom_ind=0): 4 av
			Subdomain 2 (geom_ind=1): 4652 av
		gi: 0, real bodies: 1
		gi: 0, subdomains:  2
		Defect subdomains by real bodies count: 1
		gi: 1, real bodies: 0
		gi: 1, subdomains:  1
		Defect subdomains: 1
	Time (check subdoms): 	0.005 s
Free bcf...            OK	Time=0.002 s
	Time (corr msh): 	0.000 s
	Bricks corrected: 4
Time (bcf iteration total): 	0.082 s
-----------------------------------------------------------------------
MSH --> BCF format (Iteration 1)...
BCF collector...(remove mode=0)
	Time (alloc counter per brick): 0.001 s
	Brick    count: 8939
	Av.f all count: 8158
	Av.s all count: 4652
	Av.f pid count: 3587
	Av.s pid count: 3125
	Faces fs count: 10335
	Faces ff count: 0
	Faces ss count: 0
	Faces bb count: 0
	Faces fe count: 1396
	Faces se count: 704
	Faces fw count: 12435
	Faces af count: 22308
	Faces as count: 12216
	Time (all count): 	0.005 s
	Time (bcf alloc): 	0.003 s
	Time (shifts alloc): 	0.002 s
	Time (shifts init): 	0.002 s
	Time (bcf fill): 	0.003 s
	Time (add av to faces): 0.000 s
	Time (add faces to av): 0.002 s
Time (bcf collect): 		0.019 s
	AV checker...
		Hole marker...
	Front spread algorithm. Partition count = 16
	Front spread algorithm. Partition count = 16
	Time (front spread): 0.001 s
	Time (front spread): 0.002 s
			Subdomains:               1.
			Subdomains (cond):        2.
			Time (subdomain constructors): 0.002 s.
			Time (potential-hole marking): 	0.000 s
	Front spread algorithm. Partition count = 16
	Time (front spread): 0.001 s
			Hole av set size = 0
			Hole checking...
			Time (hole checking): 0.000 s.
			0 av(s) are marked to fill 0 subdomain holes.
		Time (hole marker): 0.004 s.
	Time (check av): 	0.007 s
	Subdomain checker...
	Front spread algorithm. Partition count = 16
	Time (front spread): 0.001 s
		Subdomains construction time: 0.001 s.
		Subdomains sort time: 0.000 s.
			Subdomain 0 (geom_ind=0): 8158 av
			Subdomain 1 (geom_ind=1): 4652 av
		gi: 0, real bodies: 1
		gi: 0, subdomains:  1
		gi: 1, real bodies: 0
		gi: 1, subdomains:  1
		Defect subdomains: 0
	Time (check subdoms): 	0.002 s
Time (bcf iteration total): 	0.029 s
	Sum of fw-nb: 		7721
	Time (fw-nb): 		0.002 s
	Fixed mutual fw-nb:     7721 (bb: 0)
	Time (fw-nb mutual): 	0.002 s
	Time (fw-nb sort): 	0.000 s
	Fw-opt BEFORE total:    12435 (fs=10335, ff=0, ss=0)
	Fw-opt AFTER  total:    9327 (fs=7227, ff=0, ss=0, failed fw/br=18/1, big_curv=103, big_poly=12)
	Fw-opt RESULT:          3108 (res/(fs+ff+ss) = 30.07 %)
	Time (fw-opt): 		0.003 s
	Time (fw-re-order): 	0.002 s
	Sum of fw-nb: 		18444
	Time (fw-nb): 		0.015 s
	Fixed mutual fw-nb:     18444 (bb: 0)
	Time (fw-nb mutual): 	0.002 s
	Time (fw-nb sort): 	0.000 s
	Time (rfd fix): 	0.000 s
	Time (av convexity): 	0.002 s
	Time (av small volume): 0.000 s
	Time (diagonal fw-nb): 	0.023 s
	Fixed mutual fw-nb:     0 (bb: 0)
	Time (fw-nb mutual): 	0.001 s
	Time (fw-nb sort): 	0.001 s
	Front spread algorithm. Partition count = 16
	Time (front spread): 0.001 s
	Fluid subdomains: 1
	Faces fw-nb diff sd:    0
	Time (fw-nb diff sd): 	0.002 s
Time (bcf calc): 		0.061 s
-----------------------------------------------------------------------
Time (bcf total): 		0.172 s
-----------------------------------------------------------------------
bcf-iterations: 2
-----------------------------------------------------------------------
-----------------------------------------------------------------------
Mega-cv constructor for fluid...
	 69 av's is treated as thin
Relative size generator (threshold = 0.005)...
	Iteration 1 (small cluster count = 111)
	Iteration 2 (small cluster count = 52)
	Iteration 3 (small cluster count = 9)
	Iteration 4 (small cluster count = 1)
	Iteration 5 (small cluster count = 0)
	 108 mega-cv's generated
	 0 mega-cv's removed
Relative size generator is completed OK (0.002 s)
Apply fa-rules to mega-cv clusters fixes...
	Fa-rule violation fixes:        3 of        3 (total cluster# =      109)
OK (0.001 s)
Convert clusters:
	 109 mega-cv's total
Mega-cv count: 109
Time (mega-cv fill): 	0.000 s
Time (mega-cv total): 	0.006 s
-----------------------------------------------------------------------
Mixing plane rotation regions: NO.
Sliding mesh rotation regions: NO.
Fluid/fluid faces: NO.
-----------------------------------------------------------------------
Memory Working Set Current = 121.90 Mb, Memory Working Set Peak = 121.90 Mb
Memory Private Bytes Current = 130.95 Mb, Memory Private Bytes Peak = 132.39 Mb
Process Threads Number: 22
-----------------------------------------------------------------------
----------------------------------------------------------
BCF --> BCF.GEOMSUBDOM (bridge arrays):
MESH (0):
	Front spread algorithm. Partition count = 16
	Time (front spread): 0.001 s
	Fluid Subdom Constructor: 1 subdom(s).
	Front spread algorithm. Partition count = 16
	Time (front spread): 0.001 s
	Solid Subdom Constructor: 1 subdom(s).
	Front spread algorithm. Partition count = 16
	Time (front spread): 0.000 s
	Net Asm Subdom Constructor: 0 subdom(s).
	GEOMSUBDOM (0): gi=0 Fluid av=8158 cv=8046 fa=22308 fw=8623 V=4.433189e-04
	Cache data...OK
	GEOMSUBDOM (1): gi=1 Solid av=4652 cv=4652 fa=12216 fw=7931 V=1.681392e-04
	Cache data...OK
	Setting nb of w-faces...OK (0.003 s).
	Correcting nb of w-faces...
	Time(correct_fw_nb)=0.003 s

MESH (0) checking:
	GEOMSUBDOM (0):fa_s=0.2845690658094893 fw_s=0.0535090149011274 fw_nb=77646
	              :d_const(561)=2.65351e-09 d_linear(561)=1.9195e-08
	GEOMSUBDOM (1):fa_s=0.1115046236864013 fw_s=0.0372973314544237 fw_nb=69138
	              :d_const(1936)=3.97821e-09 d_linear(1936)=1.29583e-08
MESH (0) checking: OK.
Time (MDS): 	0.026 s
----------------------------------------------------------
-----------------------------------------------------------------------
Memory Working Set Current = 125.95 Mb, Memory Working Set Peak = 125.95 Mb
Memory Private Bytes Current = 134.74 Mb, Memory Private Bytes Peak = 134.74 Mb
Process Threads Number: 22
-----------------------------------------------------------------------

-----------------------------------------------------------------------
BCF CHECKSUM DATA (Mesh 0):

WARNING! 2 w-face(s) without RefFacesData.
BRICK |Level1| Sum:               3381
FACE_A Area Sum:   G.Fluid        0.2845690658094893
FACE_A Area Sum:   G.Solid        0.1115046236864013
FACE_W Area Sum:                  0.0680069413208620
FACE_W Nb   Sum:                  80554
FACE_W min curvatures sum:        -3710167624.22471714
FACE_W max curvatures sum:        5137581.31753141
AV Max Disbalance(Const) :        3.97821e-09 (cid=5121, t={14, 14, 29}, avid=10811, pid=1776)
AV Max Disbalance(Linear):        1.9195e-08 (cid=2097, t={14, 13, 15}, avid=1809, pid=568)
-----------------------------------------------------------------------


-----------------------------------------------------------------------
MESHER TOPOLOGY DATA:

BRICKS: Total                 8939
BRICKS: Fluid                 7412
BRICKS: Fluid Partial         2841
BRICKS: Type 1                2841
BRICKS: Max AV number         6
BRICKS: |level1| sum          3381


AV:     G.Total               12810
AV:     G.Fluid               8158
AV:     G.Solid               4652

AV:     G.Fluid Thin Profile    3.32 % (271)
AV:     G.Solid Thin Profile   15.89 % (739)

AV:     G.Fluid Thin For Mega   0.85 % (69)
AV:     G.Solid Thin For Mega  12.73 % (592)

AV:     G.Fluid Non-Convex     17.04 % (1390)
AV:     G.Solid Non-Convex     24.12 % (1122)

AV:     G.Fluid Non-Ess-Convex      9.37 % (764)
AV:     G.Solid Non-Ess-Convex     15.65 % (728)

FACE_A: G.Fluid          (af) 22308 (partially opened 7369)
FACE_A: G.Solid          (as) 12216 (partially opened 6682)

FACE_W: G.Total                 9327        Brick/Bound
FACE_W: G.Fluid/Solid    (fs_g) 7227        0           
FACE_W: G.Fluid/Fluid    (ff_g) 0           0           
FACE_W: G.Solid/Solid    (ss_g) 0           0           
FACE_W: G.Fluid/Void     (fv_g) 0           0           
FACE_W: G.Fluid/External (fe_g) 1396
FACE_W: G.Solid/External (se_g) 704

AV/CV max fa count (on brick side):5
AV/CV max fw count:                5
AV/CV max fw poly count:           58

MEMORY: Total                   4.856 MB
MEMORY: Per Brick               0.556 KB
-----------------------------------------------------------------------

-----------------------------------------------------------------------
Connectivities information:
	Number of conns: 0
-----------------------------------------------------------------------
	Time (gap size): 	0.081 s
-----------------------------------------------------------------------
Memory Working Set Current = 131.63 Mb, Memory Working Set Peak = 131.63 Mb
Memory Private Bytes Current = 140.76 Mb, Memory Private Bytes Peak = 140.76 Mb
Process Threads Number: 22
-----------------------------------------------------------------------
-----------------------------------------------------------------------
Calculating curvature and tolerance criteria...
Curvature: min=0 (cid=0) max=3.14159 (cid=5070)
Tolerance: min=0 (cid=0) max=0.00241881 (cid=759)
Calculating curvature and tolerance criteria takes 0.252 s
-----------------------------------------------------------------------
MESH Build(FS) finished. Time=1.431 s
-----------------------------------------------------------------------
Current CPU = 2 sec

Nx=16
Ny=14
Nz=26
Max BRICK Level=1
Mesh Level=1
-----------------CModelBodies2MeshMapper::CollectData started -------------------------------
	Time (collect mesh base data): 0.005 s.
	Time (collect model bodies mapping): 0.000 s.
	Time (collect positive bodies mapping): 0.000 s.
	Time (collect fluid bodies mapping): 0.001 s.
-----------------CModelBodies2MeshMapper Report -------------------------------
FluidDomains 1 SolidDomains 1 VoidDomains 0 
Domains RefIndexes
----------------- -------------------------------
	ModelBodies
Total resolved Bodies 0 BodySets 0

--------------------------------------------------------------------------
	Positive geometry Bodies
Total resolved Bodies 1 BodySets 1
BodySet 0
	Bodies list:
			#0	Name: ;	ID: c15d20b3-f054-4e15-a1c8-ca9ff7219118
	Domains list:mesh type	 (0, 1)		 0 


--------------------------------------------------------------------------
	Fluid regions
Total resolved Bodies 1 BodySets 1
BodySet 0	Material: Air; 
	Bodies list:
			#0	Name: ;	ID: c15d20b3-f054-4e15-a1c8-ca9ff7219118
	Domains list:mesh type	 (0, 1)		 0 


--------------------------------------------------------------------------
Collect data takes...0.008 s
-----------------CModelBodies2MeshMapper::CollectData finished successfully-------------------
Saving initial mesh in: C:\Users\mdn\Developer\MIT_Rkt_Aurora_Aero\AeroShell_proj\Old\5\5.fld .
Storing results...
	Estimated CPT size=2.493 MB.
Write section 436 takes 0.000 s
Write section 101 takes 0.000 s
Write section 400 takes 0.004 s
Write section 437 takes 0.002 s
Write mesh/bricks section: 0.008 s
Write section 408 takes 0.044 s
Write section 427 takes 0.002 s
Write msh format: 0.046 s
Write section 406 takes 0.004 s
Write section 405 takes 0.001 s
Write section 401 takes 0.010 s
Write section 402 takes 0.033 s
Write section 407 takes 0.004 s
Write section 421 takes 0.015 s
Write section 404 takes 0.003 s
Write section 416 takes 0.002 s
Write section 411 takes 0.002 s
Write section 413 takes 0.000 s
Write section 432 takes 0.000 s
Write plain bcf: 0.105 s
Write section 448 takes 0.004 s
Write section 446 takes 0.000 s
Write section 516 takes 0.000 s
	Time (write bcf): 0.164 s
X_STACK_LIST::write_x_stack_list4: started...
X_STACK_LIST::write_x_stack_list4: finished in 0.004 s
Storing results takes 0.174 s
-----------------------------------------------------------------------
Memory Working Set Current = 140.50 Mb, Memory Working Set Peak = 140.50 Mb
Memory Private Bytes Current = 149.02 Mb, Memory Private Bytes Peak = 149.02 Mb
Process Threads Number: 22
-----------------------------------------------------------------------
Cleaning memory...
-----------------------------------------------------------------------
Start to free mesher data...
MMP (msh): locals=16, allc_sz=1.34 MB, used_sz=1.10 MB, blks-min-max=2/10
MMP (brx): locals=16, allc_sz=5.45 MB, used_sz=4.81 MB, blks-min-max=8/12
MMP (bcf): locals=16, allc_sz=8.95 MB, used_sz=8.37 MB, blks-min-max=7/30
MMP (xsl): locals=16, allc_sz=0.34 MB, used_sz=0.19 MB, blks-min-max=1/2
Free xsl...            OK	Time=0.000 s
Free ray collector...  OK	Time=0.000 s
Free ray intersector...OK	Time=0.000 s
Free body sets...      OK	Time=0.022 s
Free Geometry DB takes 0.000 s
Free mesh conn...      OK	Time=0.002 s
Free geomsd...         OK	Time=0.000 s
Free mbricks...        OK	Time=0.000 s
Free hash info...      OK	Time=0.000 s
Free bricks-x...       OK	Time=0.000 s
Free bcf...            OK	Time=0.001 s
Free mesh h...         OK	Time=0.000 s
Free bricks arr..      OK	Time=0.000 s
Free bricks tree...    OK	Time=0.000 s
Free mesh pools...     OK	Time=0.012 s
Free bodies mapper...  OK	Time=0.000 s
Free geom crits...     OK	Time=0.000 s
Free cpt regions...    OK	Time=0.000 s
Free peculiar surfs... OK	Time=0.000 s
Free sw-geometries...  OK	Time=0.000 s
Total free mesher data time: 0.043 s
-----------------------------------------------------------------------
Copying... OK
CPT size=1.952 MB (2047094 bytes).
Mesh generation normally finished at	6.10.2024	12:39:49
Mesher CPU = 2 sec
Mesher is finished at	6.10.2024	12:39:49
-----------------------------------------------------------------------
Memory Working Set Current = 87.34 Mb, Memory Working Set Peak = 140.50 Mb
Memory Private Bytes Current = 95.84 Mb, Memory Private Bytes Peak = 149.02 Mb
Process Threads Number: 22
-----------------------------------------------------------------------
Algebra Pool      : mem_usage = 0.12 Mb, allocated count = 0
-----------------------------------------------------------------------
Memory Working Set Current = 87.23 Mb, Memory Working Set Peak = 140.50 Mb
Memory Private Bytes Current = 95.78 Mb, Memory Private Bytes Peak = 149.02 Mb
Process Threads Number: 22
Process Threads Number Peak: 22
-----------------------------------------------------------------------
Log ended at 06.10.2024	12:39:49
