
 Ansys Mechanical Enterprise Academic Research     


 *------------------------------------------------------------------*
 |                                                                  |
 |   W E L C O M E   T O   T H E   A N S Y S (R)  P R O G R A M     |
 |                                                                  |
 *------------------------------------------------------------------*




 ***************************************************************
 *         ANSYS MAPDL 2024 R2          LEGAL NOTICES          *
 ***************************************************************
 *                                                             *
 * Copyright 1971-2024 Ansys, Inc.  All rights reserved.       *
 * Unauthorized use, distribution or duplication is            *
 * prohibited.                                                 *
 *                                                             *
 * Ansys is a registered trademark of Ansys, Inc. or its       *
 * subsidiaries in the United States or other countries.       *
 * See the Ansys, Inc. online documentation or the Ansys, Inc. *
 * documentation CD or online help for the complete Legal      *
 * Notice.                                                     *
 *                                                             *
 ***************************************************************
 *                                                             *
 * THIS ANSYS SOFTWARE PRODUCT AND PROGRAM DOCUMENTATION       *
 * INCLUDE TRADE SECRETS AND CONFIDENTIAL AND PROPRIETARY      *
 * PRODUCTS OF ANSYS, INC., ITS SUBSIDIARIES, OR LICENSORS.    *
 * The software products and documentation are furnished by    *
 * Ansys, Inc. or its subsidiaries under a software license    *
 * agreement that contains provisions concerning               *
 * non-disclosure, copying, length and nature of use,          *
 * compliance with exporting laws, warranties, disclaimers,    *
 * limitations of liability, and remedies, and other           *
 * provisions.  The software products and documentation may be *
 * used, disclosed, transferred, or copied only in accordance  *
 * with the terms and conditions of that software license      *
 * agreement.                                                  *
 *                                                             *
 * Ansys, Inc. is a UL registered                              *
 * ISO 9001:2015 company.                                      *
 *                                                             *
 ***************************************************************
 *                                                             *
 * This product is subject to U.S. laws governing export and   *
 * re-export.                                                  *
 *                                                             *
 * For U.S. Government users, except as specifically granted   *
 * by the Ansys, Inc. software license agreement, the use,     *
 * duplication, or disclosure by the United States Government  *
 * is subject to restrictions stated in the Ansys, Inc.        *
 * software license agreement and FAR 12.212 (for non-DOD      *
 * licenses).                                                  *
 *                                                             *
 ***************************************************************

 2024 R2 
     
 Point Releases and Patches installed:   
     
 Ansys Service Pack 2024 R2.01   
 Ansys Service Pack 2024 R2.02   
 Ansys Service Pack 2024 R2.03   
 Ansys, Inc. License Manager 2024 R2 
 Ansys, Inc. License Manager 2024 R2.01  
 Ansys, Inc. License Manager 2024 R2.02  
 Ansys, Inc. License Manager 2024 R2.03  
 Discovery 2024 R2   
 Discovery 2024 R2.01
 Discovery 2024 R2.02
 Discovery 2024 R2.03
 Core WB Files 2024 R2   
 Core WB Files 2024 R2.01
 Core WB Files 2024 R2.02
 Core WB Files 2024 R2.03
 SpaceClaim 2024 R2  
 SpaceClaim 2024 R2.01   
 SpaceClaim 2024 R2.02   
 SpaceClaim 2024 R2.03   
 Icepak (includes CFD-Post) 2024 R2  
 Icepak (includes CFD-Post) 2024 R2.01   
 Icepak (includes CFD-Post) 2024 R2.02   
 Icepak (includes CFD-Post) 2024 R2.03   
 Ansys Dynamic Reporting 2024 R2 
 Ansys Dynamic Reporting 2024 R2.01  
 Ansys Dynamic Reporting 2024 R2.02  
 Ansys Dynamic Reporting 2024 R2.03  
 CFD-Post only 2024 R2   
 CFD-Post only 2024 R2.01
 CFD-Post only 2024 R2.02
 CFD-Post only 2024 R2.03
 CFX (includes CFD-Post) 2024 R2 
 CFX (includes CFD-Post) 2024 R2.01  
 CFX (includes CFD-Post) 2024 R2.02  
 CFX (includes CFD-Post) 2024 R2.03  
 Chemkin 2024 R2 
 Chemkin 2024 R2.01  
 Chemkin 2024 R2.02  
 Chemkin 2024 R2.03  
 EnSight 2024 R2 
 EnSight 2024 R2.01  
 EnSight 2024 R2.02  
 EnSight 2024 R2.03  
 FENSAP-ICE 2024 R2  
 FENSAP-ICE 2024 R2.01   
 FENSAP-ICE 2024 R2.02   
 FENSAP-ICE 2024 R2.03   
 Fluent (includes CFD-Post) 2024 R2  
 Fluent (includes CFD-Post) 2024 R2.01   
 Fluent (includes CFD-Post) 2024 R2.02   
 Fluent (includes CFD-Post) 2024 R2.03   
 Polyflow (includes CFD-Post) 2024 R2
 Polyflow (includes CFD-Post) 2024 R2.01 
 Polyflow (includes CFD-Post) 2024 R2.02 
 Polyflow (includes CFD-Post) 2024 R2.03 
 Forte (includes EnSight) 2024 R2
 Forte (includes EnSight) 2024 R2.01 
 Forte (includes EnSight) 2024 R2.02 
 Forte (includes EnSight) 2024 R2.03 
 ICEM CFD 2024 R2
 ICEM CFD 2024 R2.01 
 ICEM CFD 2024 R2.02 
 ICEM CFD 2024 R2.03 
 TurboGrid 2024 R2   
 TurboGrid 2024 R2.01
 TurboGrid 2024 R2.02
 TurboGrid 2024 R2.03
 Speos 2024 R2   
 Speos 2024 R2.01
 Speos 2024 R2.02
 Speos 2024 R2.03
 Speos HPC 2024 R2   
 Speos HPC 2024 R2.01
 Speos HPC 2024 R2.02
 Speos HPC 2024 R2.03
 Zemax OpticStudio 2024 R2   
 Zemax OpticStudio 2024 R2.01
 Zemax OpticStudio 2024 R2.02
 Zemax OpticStudio 2024 R2.03
 optiSLang 2024 R2   
 optiSLang 2024 R2.01
 optiSLang 2024 R2.02
 optiSLang 2024 R2.03
 Remote Solve Manager Standalone Services 2024 R2
 Remote Solve Manager Standalone Services 2024 R2.01 
 Remote Solve Manager Standalone Services 2024 R2.02 
 Remote Solve Manager Standalone Services 2024 R2.03 
 Additive 2024 R2
 Additive 2024 R2.01 
 Additive 2024 R2.02 
 Additive 2024 R2.03 
 Aqwa 2024 R2
 Aqwa 2024 R2.01 
 Aqwa 2024 R2.02 
 Aqwa 2024 R2.03 
 Autodyn 2024 R2 
 Autodyn 2024 R2.01  
 Autodyn 2024 R2.02  
 Autodyn 2024 R2.03  
 Customization Files for User Programmable Features 2024 R2  
 Customization Files for User Programmable Features 2024 R2.01   
 Customization Files for User Programmable Features 2024 R2.02   
 Customization Files for User Programmable Features 2024 R2.03   
 LS-DYNA 2024 R2 
 LS-DYNA 2024 R2.01  
 LS-DYNA 2024 R2.02  
 LS-DYNA 2024 R2.03  
 Material Calibration App 2024 R2
 Material Calibration App 2024 R2.01 
 Material Calibration App 2024 R2.02 
 Material Calibration App 2024 R2.03 
 Mechanical Products 2024 R2 
 Mechanical Products 2024 R2.01  
 Mechanical Products 2024 R2.02  
 Mechanical Products 2024 R2.03  
 Motion 2024 R2  
 Motion 2024 R2.01   
 Motion 2024 R2.02   
 Motion 2024 R2.03   
 Sherlock 2024 R2
 Sherlock 2024 R2.01 
 Sherlock 2024 R2.02 
 Sherlock 2024 R2.03 
 Sound - SAS 2024 R2 
 Sound - SAS 2024 R2.01  
 Sound - SAS 2024 R2.02  
 Sound - SAS 2024 R2.03  
 ACIS Geometry Interface 2024 R2 
 ACIS Geometry Interface 2024 R2.01  
 ACIS Geometry Interface 2024 R2.02  
 ACIS Geometry Interface 2024 R2.03  
 AutoCAD Geometry Interface 2024 R2  
 AutoCAD Geometry Interface 2024 R2.01   
 AutoCAD Geometry Interface 2024 R2.02   
 AutoCAD Geometry Interface 2024 R2.03   
 Catia, Version 4 Geometry Interface 2024 R2 
 Catia, Version 4 Geometry Interface 2024 R2.01  
 Catia, Version 4 Geometry Interface 2024 R2.02  
 Catia, Version 4 Geometry Interface 2024 R2.03  
 Catia, Version 5 Geometry Interface 2024 R2 
 Catia, Version 5 Geometry Interface 2024 R2.01  
 Catia, Version 5 Geometry Interface 2024 R2.02  
 Catia, Version 5 Geometry Interface 2024 R2.03  
 Catia, Version 6 Geometry Interface 2024 R2 
 Catia, Version 6 Geometry Interface 2024 R2.01  
 Catia, Version 6 Geometry Interface 2024 R2.02  
 Catia, Version 6 Geometry Interface 2024 R2.03  
 Creo Elements/Direct Modeling Geometry Interface 2024 R2
 Creo Elements/Direct Modeling Geometry Interface 2024 R2.01 
 Creo Elements/Direct Modeling Geometry Interface 2024 R2.02 
 Creo Elements/Direct Modeling Geometry Interface 2024 R2.03 
 Creo Parametric Geometry Interface 2024 R2  
 Creo Parametric Geometry Interface 2024 R2.01   
 Creo Parametric Geometry Interface 2024 R2.02   
 Creo Parametric Geometry Interface 2024 R2.03   
 Inventor Geometry Interface 2024 R2 
 Inventor Geometry Interface 2024 R2.01  
 Inventor Geometry Interface 2024 R2.02  
 Inventor Geometry Interface 2024 R2.03  
 JTOpen Geometry Interface 2024 R2   
 JTOpen Geometry Interface 2024 R2.01
 JTOpen Geometry Interface 2024 R2.02
 JTOpen Geometry Interface 2024 R2.03
 NX Geometry Interface 2024 R2   
 NX Geometry Interface 2024 R2.01
 NX Geometry Interface 2024 R2.02
 NX Geometry Interface 2024 R2.03
 Parasolid Geometry Interface  2024 R2   
 Parasolid Geometry Interface  2024 R2.01
 Parasolid Geometry Interface  2024 R2.02
 Parasolid Geometry Interface  2024 R2.03
 Solid Edge Geometry Interface 2024 R2   
 Solid Edge Geometry Interface 2024 R2.01
 Solid Edge Geometry Interface 2024 R2.02
 Solid Edge Geometry Interface 2024 R2.03
 SOLIDWORKS Geometry Interface 2024 R2   
 SOLIDWORKS Geometry Interface 2024 R2.01
 SOLIDWORKS Geometry Interface 2024 R2.02
 SOLIDWORKS Geometry Interface 2024 R2.03


          *****  MAPDL COMMAND LINE ARGUMENTS  *****
  BATCH MODE REQUESTED (-b)    = NOLIST
  INPUT FILE COPY MODE (-c)    = COPY
  DISTRIBUTED MEMORY PARALLEL REQUESTED
       4 PARALLEL PROCESSES REQUESTED WITH SINGLE THREAD PER PROCESS
    TOTAL OF     4 CORES REQUESTED
  INPUT FILE NAME              = Z:\Developer\MIT_Rkt_Team\MIT_Rkt_Aurora_Aero\MIT_Rkt_Aurora_Aero\finFEA\_ProjectScratch\ScrE606\dummy.dat
  OUTPUT FILE NAME             = Z:\Developer\MIT_Rkt_Team\MIT_Rkt_Aurora_Aero\MIT_Rkt_Aurora_Aero\finFEA\_ProjectScratch\ScrE606\solve.out
  START-UP FILE MODE           = NOREAD
  STOP FILE MODE               = NOREAD

 RELEASE= 2024 R2              BUILD= 24.2      UP20240603   VERSION=WINDOWS x64 
 CURRENT JOBNAME=file0  16:59:30  NOV 24, 2024 CP=      0.109


 PARAMETER _DS_PROGRESS =     999.0000000    

 /INPUT FILE= ds.dat  LINE=       0



 *** NOTE ***                            CP =       0.406   TIME= 16:59:31
 The /CONFIG,NOELDB command is not valid in a distributed memory         
 parallel solution.  Command is ignored.                                 

 *GET  _WALLSTRT  FROM  ACTI  ITEM=TIME WALL  VALUE=  16.9919444    

 TITLE= 
 wspc_FEA--Structure statique (C3)                                             

  ACT Extensions:
      LSDYNA, 2024.2
      5f463412-bd3e-484b-87e7-cbc0a665e474, wbex
 /COM,     ANSYSMotion, 2024.2
      20180725-3f81-49eb-9f31-41364844c769, wbex
  

 SET PARAMETER DIMENSIONS ON  _WB_PROJECTSCRATCH_DIR
  TYPE=STRI  DIMENSIONS=      248        1        1

 PARAMETER _WB_PROJECTSCRATCH_DIR(1) = Z:\Developer\MIT_Rkt_Team\MIT_Rkt_Aurora_Aero\MIT_Rkt_Aurora_Aero\finFEA\_ProjectScratch\ScrE606\

 SET PARAMETER DIMENSIONS ON  _WB_SOLVERFILES_DIR
  TYPE=STRI  DIMENSIONS=      248        1        1

 PARAMETER _WB_SOLVERFILES_DIR(1) = Z:\Developer\MIT_Rkt_Team\MIT_Rkt_Aurora_Aero\MIT_Rkt_Aurora_Aero\finFEA\wspc_FEA_files\dp0\SYS\MECH\

 SET PARAMETER DIMENSIONS ON  _WB_USERFILES_DIR
  TYPE=STRI  DIMENSIONS=      248        1        1

 PARAMETER _WB_USERFILES_DIR(1) = Z:\Developer\MIT_Rkt_Team\MIT_Rkt_Aurora_Aero\MIT_Rkt_Aurora_Aero\finFEA\wspc_FEA_files\user_files\
 --- Data in consistent NMM units. See Solving Units in the help system for more

 MPA UNITS SPECIFIED FOR INTERNAL    
  LENGTH      = MILLIMETERS (mm)
  MASS        = TONNE (Mg)
  TIME        = SECONDS (sec)
  TEMPERATURE = CELSIUS (C)
  TOFFSET     = 273.0
  FORCE       = NEWTON (N)
  HEAT        = MILLIJOULES (mJ)

 INPUT  UNITS ARE ALSO SET TO MPA 

 *** MAPDL - ENGINEERING ANALYSIS SYSTEM  RELEASE 2024 R2          24.2     ***
 Ansys Mechanical Enterprise Academic Research     
 01196637  VERSION=WINDOWS x64   16:59:31  NOV 24, 2024 CP=      0.453

 wspc_FEA--Structure statique (C3)                                             



          ***** MAPDL ANALYSIS DEFINITION (PREP7) *****
 *********** Nodes for the whole assembly ***********
 *********** Elements for Body 1 'bonding_COMPLETE\Fel_let(ACP (Pre))' *********
 *********** Send User Defined Coordinate System(s) ***********
 *********** Set Reference Temperature ***********
 *********** Send Materials ***********
 *********** Send Sheet Properties ***********
 *********** Sending Coordinate Systems for External Layered Section***********
 *********** Sending Materials for External Layered Section***********
 *********** Send External Layered Section Properties ***********
 *********** Create Contact "Li_ totalement - bonding_COMPLETE\Fel_let(ACP (Pre)
 *********** Fixed Supports ***********
 *********** Define Pressure Using Surface Effect Elements "Pression" **********


 ***** ROUTINE COMPLETED *****  CP =         0.891


 --- Number of total nodes = 3111
 --- Number of contact elements = 5900
 --- Number of spring elements = 0
 --- Number of bearing elements = 0
 --- Number of solid elements = 5900
 --- Number of condensed parts = 0
 --- Number of total elements = 11902

 *GET  _WALLBSOL  FROM  ACTI  ITEM=TIME WALL  VALUE=  16.9919444    
 ****************************************************************************
 *************************    SOLUTION       ********************************
 ****************************************************************************

 *****  MAPDL SOLUTION ROUTINE  *****


 PERFORM A STATIC ANALYSIS
  THIS WILL BE A NEW ANALYSIS

 USE A MAXIMUM OF     1 EQUILIBRIUM ITERATIONS EACH SUBSTEP

 *** WARNING ***                         CP =       0.891   TIME= 16:59:31
 Using 1 iteration per substep may result in unconverged solutions for   
 nonlinear analysis and the program may not indicate divergence in this  
 case.  Check your results.                                              

 DO NOT USE PREDICTOR METHOD FOR  ALL DEGREES OF FREEDOM

 PARAMETER _THICKRATIO =     0.000000000    

 USE SPARSE MATRIX DIRECT SOLVER

 CONTACT INFORMATION PRINTOUT LEVEL       1

 CHECK INITIAL OPEN/CLOSED STATUS OF SELECTED CONTACT ELEMENTS
      AND LIST DETAILED CONTACT PAIR INFORMATION

 SPLIT CONTACT SURFACES AT SOLVE PHASE

    NUMBER OF SPLITTING TBD BY PROGRAM

 DO NOT COMBINE ELEMENT MATRIX FILES (.emat) AFTER DISTRIBUTED PARALLEL SOLUTION

 DO NOT COMBINE ELEMENT SAVE DATA FILES (.esav) AFTER DISTRIBUTED PARALLEL SOLUTION

 NLDIAG: Nonlinear diagnostics CONT option is set to ON. 
         Writing frequency : each ITERATION.

 DO NOT SAVE ANY RESTART FILES AT ALL
 ****************************************************
 ******************* SOLVE FOR LS 1 OF 10 ****************

 SELECT       FOR ITEM=TYPE COMPONENT=    
  IN RANGE         6 TO          6 STEP          1

       5900  ELEMENTS (OF      11902  DEFINED) SELECTED BY  ESEL  COMMAND.

 SELECT      ALL NODES HAVING ANY ELEMENT IN ELEMENT SET.

       3060 NODES (OF       3111  DEFINED) SELECTED FROM
     5900 SELECTED ELEMENTS BY NSLE COMMAND.

 GENERATE SURFACE LOAD PRES ON SURFACE DEFINED BY ALL SELECTED NODES
 SET ACCORDING TO TABLE PARAMETER = _LOADVARI133                                                                                                                                                                                                                                                    

 NUMBER OF PRES ELEMENT FACE LOADS STORED =       5900

 ALL SELECT   FOR ITEM=NODE COMPONENT=    
  IN RANGE         1 TO       3203 STEP          1

       3111  NODES (OF       3111  DEFINED) SELECTED BY NSEL  COMMAND.

 ALL SELECT   FOR ITEM=ELEM COMPONENT=    
  IN RANGE         1 TO      11968 STEP          1

      11902  ELEMENTS (OF      11902  DEFINED) SELECTED BY  ESEL  COMMAND.

 ALL SELECT   FOR ITEM=ELEM COMPONENT=    
  IN RANGE         1 TO      11968 STEP          1

      11902  ELEMENTS (OF      11902  DEFINED) SELECTED BY  ESEL  COMMAND.

 PRINTOUT RESUMED BY /GOP

 USE       1 SUBSTEPS INITIALLY THIS LOAD STEP FOR ALL  DEGREES OF FREEDOM
 FOR AUTOMATIC TIME STEPPING:
   USE      1 SUBSTEPS AS A MAXIMUM
   USE      1 SUBSTEPS AS A MINIMUM

 TIME=  1.0000    

 ERASE THE CURRENT DATABASE OUTPUT CONTROL TABLE.


 WRITE ALL  ITEMS TO THE DATABASE WITH A FREQUENCY OF NONE
   FOR ALL APPLICABLE ENTITIES

 WRITE NSOL ITEMS TO THE DATABASE WITH A FREQUENCY OF ALL 
   FOR ALL APPLICABLE ENTITIES

 WRITE RSOL ITEMS TO THE DATABASE WITH A FREQUENCY OF ALL 
   FOR ALL APPLICABLE ENTITIES

 WRITE EANG ITEMS TO THE DATABASE WITH A FREQUENCY OF ALL 
   FOR ALL APPLICABLE ENTITIES

 WRITE ETMP ITEMS TO THE DATABASE WITH A FREQUENCY OF ALL 
   FOR ALL APPLICABLE ENTITIES

 WRITE VENG ITEMS TO THE DATABASE WITH A FREQUENCY OF ALL 
   FOR ALL APPLICABLE ENTITIES

 WRITE STRS ITEMS TO THE DATABASE WITH A FREQUENCY OF ALL 
   FOR ALL APPLICABLE ENTITIES

 WRITE EPEL ITEMS TO THE DATABASE WITH A FREQUENCY OF ALL 
   FOR ALL APPLICABLE ENTITIES

 WRITE EPPL ITEMS TO THE DATABASE WITH A FREQUENCY OF ALL 
   FOR ALL APPLICABLE ENTITIES

 WRITE CONT ITEMS TO THE DATABASE WITH A FREQUENCY OF ALL 
   FOR ALL APPLICABLE ENTITIES

 *GET  ANSINTER_  FROM  ACTI  ITEM=INT        VALUE=  0.00000000    

 *IF  ANSINTER_  ( =   0.00000     )  NE  
      0  ( =   0.00000     )  THEN    

 *ENDIF

 *** NOTE ***                            CP =       1.156   TIME= 16:59:31
 The automatic domain decomposition logic has selected the MESH domain   
 decomposition method with 4 processes per solution.                     

 *****  MAPDL SOLVE    COMMAND  *****

 *** WARNING ***                         CP =       1.219   TIME= 16:59:31
 Element shape checking is currently inactive.  Issue SHPP,ON or         
 SHPP,WARN to reactivate, if desired.                                    

 *** WARNING ***                         CP =       1.219   TIME= 16:59:31
 One or more single layer Shell elements (such as element 1) reference   
 section 3, which defines a different material (2) than the attribute    
 of the element (1).                                                     

 *** NOTE ***                            CP =       1.609   TIME= 16:59:31
 The model data was checked and warning messages were found.             
  Please review output or errors file (                                  
 Z:\Developer\MIT_Rkt_Team\MIT_Rkt_Aurora_Aero\MIT_Rkt_Aurora_Aero\finFE 
 EA\_ProjectScratch\ScrE606\file0.err ) for these warning messages.      

 *** SELECTION OF ELEMENT TECHNOLOGIES FOR APPLICABLE ELEMENTS ***
      --- GIVE SUGGESTIONS AND RESET THE KEY OPTIONS ---

 ELEMENT TYPE         1 IS SHELL181. IT IS ASSOCIATED WITH ELASTOPLASTIC 
 MATERIALS ONLY. KEYOPT(8) IS ALREADY SET AS SUGGESTED. KEYOPT(3)=2 
 IS SUGGESTED FOR HIGHER ACCURACY OF MEMBRANE STRESSES; OTHERWISE,
 KEYOPT(3)=0 IS SUGGESTED. KEYOPT(3) CAN NOT BE RESET HERE. PLEASE RESET 
 IT MANUALLY IF NECESSARY.

 ELEMENT TYPE         5 IS BEAM188 . KEYOPT(3)=2 IS ALWAYS SUGGESTED.  KEYOPT(3) HAS BEEN RESET
  KEYOPT(1-12)=    0    0    2    0    0    0    0    0    0    0    0    0

 ELEMENT TYPE         5 IS BEAM188 . KEYOPT(15) IS ALREADY SET AS SUGGESTED AND NO
 RESETTING IS NEEDED.



 *** MAPDL - ENGINEERING ANALYSIS SYSTEM  RELEASE 2024 R2          24.2     ***
 Ansys Mechanical Enterprise Academic Research     
 01196637  VERSION=WINDOWS x64   16:59:31  NOV 24, 2024 CP=      1.609

 wspc_FEA--Structure statique (C3)                                             



                       S O L U T I O N   O P T I O N S

   PROBLEM DIMENSIONALITY. . . . . . . . . . . . .3-D                  
   DEGREES OF FREEDOM. . . . . . UX   UY   UZ   ROTX ROTY ROTZ
   ANALYSIS TYPE . . . . . . . . . . . . . . . . .STATIC (STEADY-STATE)
   OFFSET TEMPERATURE FROM ABSOLUTE ZERO . . . . .  273.15    
   EQUATION SOLVER OPTION. . . . . . . . . . . . .SPARSE             
   GLOBALLY ASSEMBLED MATRIX . . . . . . . . . . .SYMMETRIC  

 *** NOTE ***                            CP =       1.609   TIME= 16:59:31
 Poisson's ratio PR input has been converted to NU input.                

 *** WARNING ***                         CP =       1.656   TIME= 16:59:31
 Material number 6 (used by element 6069) should normally have at least  
 one MP or one TB type command associated with it.  Output of energy by  
 material may not be available.                                          

 *** NOTE ***                            CP =       1.719   TIME= 16:59:31
 The step data was checked and warning messages were found.              
  Please review output or errors file (                                  
 Z:\Developer\MIT_Rkt_Team\MIT_Rkt_Aurora_Aero\MIT_Rkt_Aurora_Aero\finFE 
 EA\_ProjectScratch\ScrE606\file0.err ) for these warning messages.      

 *** NOTE ***                            CP =       1.719   TIME= 16:59:31
 The conditions for direct assembly have been met.  No .emat or .erot    
 files will be produced.                                                 

 *** NOTE ***                            CP =       1.719   TIME= 16:59:31
 Internal nodes from 3204 to 3305 are created.                           
 102 internal nodes are used for quadratic and/or cubic options of       
 BEAM188, PIPE288, and/or SHELL208.                                      

  
  
     D I S T R I B U T E D   D O M A I N   D E C O M P O S E R
  
  ...Number of elements: 11902
  ...Number of nodes:    3213
  ...Decompose to 4 CPU domains
  ...Element load balance ratio =     1.008


                      L O A D   S T E P   O P T I O N S

   LOAD STEP NUMBER. . . . . . . . . . . . . . . .     1
   TIME AT END OF THE LOAD STEP. . . . . . . . . .  1.0000    
   NUMBER OF SUBSTEPS. . . . . . . . . . . . . . .     1
   STEP CHANGE BOUNDARY CONDITIONS . . . . . . . .    NO
   PRINT OUTPUT CONTROLS . . . . . . . . . . . . .NO PRINTOUT
   DATABASE OUTPUT CONTROLS
      ITEM     FREQUENCY   COMPONENT
       ALL       NONE               
      NSOL        ALL               
      RSOL        ALL               
      EANG        ALL               
      ETMP        ALL               
      VENG        ALL               
      STRS        ALL               
      EPEL        ALL               
      EPPL        ALL               
      CONT        ALL               


 SOLUTION MONITORING INFO IS WRITTEN TO FILE= file.mntr                                                                                                                                                                                                                                                           



                         ***********  PRECISE MASS SUMMARY  ***********

   TOTAL RIGID BODY MASS MATRIX ABOUT ORIGIN
               Translational mass               |   Coupled translational/rotational mass
        0.11814E-04    0.0000        0.0000     |     0.0000      -0.27997E-03  -0.95620E-03
         0.0000       0.11814E-04    0.0000     |    0.27997E-03    0.0000       0.27681E-02
         0.0000        0.0000       0.11814E-04 |    0.95620E-03  -0.27681E-02    0.0000    
     ------------------------------------------ | ------------------------------------------
                                                |         Rotational mass (inertia)
                                                |    0.10973      -0.23904       0.65599E-01
                                                |   -0.23904       0.71768       0.22660E-01
                                                |    0.65599E-01   0.22660E-01   0.81415    

   TOTAL MASS = 0.11814E-04
     The mass principal axes coincide with the global Cartesian axes

   CENTER OF MASS (X,Y,Z)=    234.31        80.937       -23.698    

   TOTAL INERTIA ABOUT CENTER OF MASS
        0.25707E-01  -0.14996E-01   0.16653E-15
       -0.14996E-01   0.62448E-01   0.72858E-16
        0.16653E-15   0.72858E-16   0.88155E-01

   PRINCIPAL INERTIAS =   0.20364E-01   0.67791E-01   0.88155E-01
   ORIENTATION VECTORS OF THE INERTIA PRINCIPAL AXES IN GLOBAL CARTESIAN
     ( 0.942, 0.336,-0.000) (-0.336, 0.942,-0.000) ( 0.000, 0.000, 1.000) 


  *** MASS SUMMARY BY ELEMENT TYPE ***

  TYPE      MASS
     1  0.118141E-04

 Range of element maximum matrix coefficients in global coordinates
 Maximum = 3136446.21 at element 5998.                                   
 Minimum = 14064.5065 at element 5799.                                   

   *** ELEMENT MATRIX FORMULATION TIMES
     TYPE    NUMBER   ENAME      TOTAL CP  AVE CP

        1      5900  SHELL181      1.188   0.000201
        5       102  BEAM188       0.000   0.000000
        6      5900  SURF154       0.219   0.000037
 Time at end of element matrix formulation CP = 3.046875.                

 DISTRIBUTED SPARSE MATRIX DIRECT SOLVER.
  Number of equations =       18972,    Maximum wavefront =     42


  Memory allocated on only this MPI rank (rank     0)
  -------------------------------------------------------------------
  Equation solver memory allocated                     =    12.464 MB
  Equation solver memory required for in-core mode     =    11.969 MB
  Equation solver memory required for out-of-core mode =     6.471 MB
  Total (solver and non-solver) memory allocated       =   459.272 MB


  Total memory summed across all MPI ranks on this machines
  -------------------------------------------------------------------
  Equation solver memory allocated                     =    46.800 MB
  Equation solver memory required for in-core mode     =    44.951 MB
  Equation solver memory required for out-of-core mode =    24.493 MB
  Total (solver and non-solver) memory allocated       =   946.593 MB

 *** NOTE ***                            CP =       3.094   TIME= 16:59:32
 The Distributed Sparse Matrix Solver is currently running in the        
 in-core memory mode.  This memory mode uses the most amount of memory   
 in order to avoid using the hard drive as much as possible, which most  
 often results in the fastest solution time.  This mode is recommended   
 if enough physical memory is present to accommodate all of the solver   
 data.                                                                   
 curEqn=   4584  totEqn=   4584 Job CP sec=      3.172
      Factor Done= 100% Factor Wall sec=      0.072 rate=       2.5 GFlops
 Distributed sparse solver maximum pivot= 1176003.47 at node 3168 UX.    
 Distributed sparse solver minimum pivot= 7.023153377E-02 at node 1297   
 UZ.                                                                     
 Distributed sparse solver minimum pivot in absolute value=              
 7.023153377E-02 at node 1297 UZ.                                        

   *** ELEMENT RESULT CALCULATION TIMES
     TYPE    NUMBER   ENAME      TOTAL CP  AVE CP

        1      5900  SHELL181      0.594   0.000101
        5       102  BEAM188       0.000   0.000000
        6      5900  SURF154       0.125   0.000021

   *** NODAL LOAD CALCULATION TIMES
     TYPE    NUMBER   ENAME      TOTAL CP  AVE CP

        1      5900  SHELL181      0.125   0.000021
        5       102  BEAM188       0.000   0.000000
        6      5900  SURF154       0.000   0.000000
 *** LOAD STEP     1   SUBSTEP     1  COMPLETED.    CUM ITER =      1
 *** TIME =   1.00000         TIME INC =   1.00000      NEW TRIANG MATRIX


 *** MAPDL BINARY FILE STATISTICS
  BUFFER SIZE USED= 16384
        1.188 MB WRITTEN ON ASSEMBLED MATRIX FILE: file0.full
        2.062 MB WRITTEN ON RESULTS FILE: file0.rst
 *************** Write FE CONNECTORS *********

 WRITE OUT CONSTRAINT EQUATIONS TO FILE= file.ce                                                                                                                                                                                                                                                             
 ****************************************************
 *************** FINISHED SOLVE FOR LS 1 *************
 ****************************************************
 ******************* SOLVE FOR LS 2 OF 10 ****************

 ALL SELECT   FOR ITEM=ELEM COMPONENT=    
  IN RANGE         1 TO      11968 STEP          1

      11902  ELEMENTS (OF      11902  DEFINED) SELECTED BY  ESEL  COMMAND.

 PRINTOUT RESUMED BY /GOP

 USE       1 SUBSTEPS INITIALLY THIS LOAD STEP FOR ALL  DEGREES OF FREEDOM
 FOR AUTOMATIC TIME STEPPING:
   USE      1 SUBSTEPS AS A MAXIMUM
   USE      1 SUBSTEPS AS A MINIMUM

 TIME=  2.0000    

 ERASE THE CURRENT DATABASE OUTPUT CONTROL TABLE.


 WRITE ALL  ITEMS TO THE DATABASE WITH A FREQUENCY OF NONE
   FOR ALL APPLICABLE ENTITIES

 WRITE NSOL ITEMS TO THE DATABASE WITH A FREQUENCY OF ALL 
   FOR ALL APPLICABLE ENTITIES

 WRITE RSOL ITEMS TO THE DATABASE WITH A FREQUENCY OF ALL 
   FOR ALL APPLICABLE ENTITIES

 WRITE EANG ITEMS TO THE DATABASE WITH A FREQUENCY OF ALL 
   FOR ALL APPLICABLE ENTITIES

 WRITE ETMP ITEMS TO THE DATABASE WITH A FREQUENCY OF ALL 
   FOR ALL APPLICABLE ENTITIES

 WRITE VENG ITEMS TO THE DATABASE WITH A FREQUENCY OF ALL 
   FOR ALL APPLICABLE ENTITIES

 WRITE STRS ITEMS TO THE DATABASE WITH A FREQUENCY OF ALL 
   FOR ALL APPLICABLE ENTITIES

 WRITE EPEL ITEMS TO THE DATABASE WITH A FREQUENCY OF ALL 
   FOR ALL APPLICABLE ENTITIES

 WRITE EPPL ITEMS TO THE DATABASE WITH A FREQUENCY OF ALL 
   FOR ALL APPLICABLE ENTITIES

 WRITE CONT ITEMS TO THE DATABASE WITH A FREQUENCY OF ALL 
   FOR ALL APPLICABLE ENTITIES

 *****  MAPDL SOLVE    COMMAND  *****

 *** WARNING ***                         CP =       3.547   TIME= 16:59:32
 Material number 6 (used by element 6069) should normally have at least  
 one MP or one TB type command associated with it.  Output of energy by  
 material may not be available.                                          

 *** NOTE ***                            CP =       3.609   TIME= 16:59:32
 The step data was checked and warning messages were found.              
  Please review output or errors file (                                  
 Z:\Developer\MIT_Rkt_Team\MIT_Rkt_Aurora_Aero\MIT_Rkt_Aurora_Aero\finFE 
 EA\_ProjectScratch\ScrE606\file0.err ) for these warning messages.      

 *** MAPDL - ENGINEERING ANALYSIS SYSTEM  RELEASE 2024 R2          24.2     ***
 Ansys Mechanical Enterprise Academic Research     
 01196637  VERSION=WINDOWS x64   16:59:32  NOV 24, 2024 CP=      3.734

 wspc_FEA--Structure statique (C3)                                             



                      L O A D   S T E P   O P T I O N S

   LOAD STEP NUMBER. . . . . . . . . . . . . . . .     2
   TIME AT END OF THE LOAD STEP. . . . . . . . . .  2.0000    
   NUMBER OF SUBSTEPS. . . . . . . . . . . . . . .     1
   STEP CHANGE BOUNDARY CONDITIONS . . . . . . . .    NO
   PRINT OUTPUT CONTROLS . . . . . . . . . . . . .NO PRINTOUT
   DATABASE OUTPUT CONTROLS
      ITEM     FREQUENCY   COMPONENT
       ALL       NONE               
      NSOL        ALL               
      RSOL        ALL               
      EANG        ALL               
      ETMP        ALL               
      VENG        ALL               
      STRS        ALL               
      EPEL        ALL               
      EPPL        ALL               
      CONT        ALL               


 SOLUTION MONITORING INFO IS WRITTEN TO FILE= file.mntr                                                                                                                                                                                                                                                           

 *** LOAD STEP     2   SUBSTEP     1  COMPLETED.    CUM ITER =      2
 *** TIME =   2.00000         TIME INC =   1.00000      OLD TRIANG MATRIX
 ****************************************************
 *************** FINISHED SOLVE FOR LS 2 *************
 ****************************************************
 ******************* SOLVE FOR LS 3 OF 10 ****************

 ALL SELECT   FOR ITEM=ELEM COMPONENT=    
  IN RANGE         1 TO      11968 STEP          1

      11902  ELEMENTS (OF      11902  DEFINED) SELECTED BY  ESEL  COMMAND.

 PRINTOUT RESUMED BY /GOP

 USE       1 SUBSTEPS INITIALLY THIS LOAD STEP FOR ALL  DEGREES OF FREEDOM
 FOR AUTOMATIC TIME STEPPING:
   USE      1 SUBSTEPS AS A MAXIMUM
   USE      1 SUBSTEPS AS A MINIMUM

 TIME=  3.0000    

 ERASE THE CURRENT DATABASE OUTPUT CONTROL TABLE.


 WRITE ALL  ITEMS TO THE DATABASE WITH A FREQUENCY OF NONE
   FOR ALL APPLICABLE ENTITIES

 WRITE NSOL ITEMS TO THE DATABASE WITH A FREQUENCY OF ALL 
   FOR ALL APPLICABLE ENTITIES

 WRITE RSOL ITEMS TO THE DATABASE WITH A FREQUENCY OF ALL 
   FOR ALL APPLICABLE ENTITIES

 WRITE EANG ITEMS TO THE DATABASE WITH A FREQUENCY OF ALL 
   FOR ALL APPLICABLE ENTITIES

 WRITE ETMP ITEMS TO THE DATABASE WITH A FREQUENCY OF ALL 
   FOR ALL APPLICABLE ENTITIES

 WRITE VENG ITEMS TO THE DATABASE WITH A FREQUENCY OF ALL 
   FOR ALL APPLICABLE ENTITIES

 WRITE STRS ITEMS TO THE DATABASE WITH A FREQUENCY OF ALL 
   FOR ALL APPLICABLE ENTITIES

 WRITE EPEL ITEMS TO THE DATABASE WITH A FREQUENCY OF ALL 
   FOR ALL APPLICABLE ENTITIES

 WRITE EPPL ITEMS TO THE DATABASE WITH A FREQUENCY OF ALL 
   FOR ALL APPLICABLE ENTITIES

 WRITE CONT ITEMS TO THE DATABASE WITH A FREQUENCY OF ALL 
   FOR ALL APPLICABLE ENTITIES

 *****  MAPDL SOLVE    COMMAND  *****

 *** WARNING ***                         CP =       4.969   TIME= 16:59:33
 Material number 6 (used by element 6069) should normally have at least  
 one MP or one TB type command associated with it.  Output of energy by  
 material may not be available.                                          

 *** NOTE ***                            CP =       5.031   TIME= 16:59:33
 The step data was checked and warning messages were found.              
  Please review output or errors file (                                  
 Z:\Developer\MIT_Rkt_Team\MIT_Rkt_Aurora_Aero\MIT_Rkt_Aurora_Aero\finFE 
 EA\_ProjectScratch\ScrE606\file0.err ) for these warning messages.      

 *** MAPDL - ENGINEERING ANALYSIS SYSTEM  RELEASE 2024 R2          24.2     ***
 Ansys Mechanical Enterprise Academic Research     
 01196637  VERSION=WINDOWS x64   16:59:33  NOV 24, 2024 CP=      5.219

 wspc_FEA--Structure statique (C3)                                             



                      L O A D   S T E P   O P T I O N S

   LOAD STEP NUMBER. . . . . . . . . . . . . . . .     3
   TIME AT END OF THE LOAD STEP. . . . . . . . . .  3.0000    
   NUMBER OF SUBSTEPS. . . . . . . . . . . . . . .     1
   STEP CHANGE BOUNDARY CONDITIONS . . . . . . . .    NO
   PRINT OUTPUT CONTROLS . . . . . . . . . . . . .NO PRINTOUT
   DATABASE OUTPUT CONTROLS
      ITEM     FREQUENCY   COMPONENT
       ALL       NONE               
      NSOL        ALL               
      RSOL        ALL               
      EANG        ALL               
      ETMP        ALL               
      VENG        ALL               
      STRS        ALL               
      EPEL        ALL               
      EPPL        ALL               
      CONT        ALL               


 SOLUTION MONITORING INFO IS WRITTEN TO FILE= file.mntr                                                                                                                                                                                                                                                           

 *** LOAD STEP     3   SUBSTEP     1  COMPLETED.    CUM ITER =      3
 *** TIME =   3.00000         TIME INC =   1.00000      OLD TRIANG MATRIX
 ****************************************************
 *************** FINISHED SOLVE FOR LS 3 *************
 ****************************************************
 ******************* SOLVE FOR LS 4 OF 10 ****************

 ALL SELECT   FOR ITEM=ELEM COMPONENT=    
  IN RANGE         1 TO      11968 STEP          1

      11902  ELEMENTS (OF      11902  DEFINED) SELECTED BY  ESEL  COMMAND.

 PRINTOUT RESUMED BY /GOP

 USE       1 SUBSTEPS INITIALLY THIS LOAD STEP FOR ALL  DEGREES OF FREEDOM
 FOR AUTOMATIC TIME STEPPING:
   USE      1 SUBSTEPS AS A MAXIMUM
   USE      1 SUBSTEPS AS A MINIMUM

 TIME=  4.0000    

 ERASE THE CURRENT DATABASE OUTPUT CONTROL TABLE.


 WRITE ALL  ITEMS TO THE DATABASE WITH A FREQUENCY OF NONE
   FOR ALL APPLICABLE ENTITIES

 WRITE NSOL ITEMS TO THE DATABASE WITH A FREQUENCY OF ALL 
   FOR ALL APPLICABLE ENTITIES

 WRITE RSOL ITEMS TO THE DATABASE WITH A FREQUENCY OF ALL 
   FOR ALL APPLICABLE ENTITIES

 WRITE EANG ITEMS TO THE DATABASE WITH A FREQUENCY OF ALL 
   FOR ALL APPLICABLE ENTITIES

 WRITE ETMP ITEMS TO THE DATABASE WITH A FREQUENCY OF ALL 
   FOR ALL APPLICABLE ENTITIES

 WRITE VENG ITEMS TO THE DATABASE WITH A FREQUENCY OF ALL 
   FOR ALL APPLICABLE ENTITIES

 WRITE STRS ITEMS TO THE DATABASE WITH A FREQUENCY OF ALL 
   FOR ALL APPLICABLE ENTITIES

 WRITE EPEL ITEMS TO THE DATABASE WITH A FREQUENCY OF ALL 
   FOR ALL APPLICABLE ENTITIES

 WRITE EPPL ITEMS TO THE DATABASE WITH A FREQUENCY OF ALL 
   FOR ALL APPLICABLE ENTITIES

 WRITE CONT ITEMS TO THE DATABASE WITH A FREQUENCY OF ALL 
   FOR ALL APPLICABLE ENTITIES

 *****  MAPDL SOLVE    COMMAND  *****

 *** WARNING ***                         CP =       6.266   TIME= 16:59:33
 Material number 6 (used by element 6069) should normally have at least  
 one MP or one TB type command associated with it.  Output of energy by  
 material may not be available.                                          

 *** NOTE ***                            CP =       6.328   TIME= 16:59:33
 The step data was checked and warning messages were found.              
  Please review output or errors file (                                  
 Z:\Developer\MIT_Rkt_Team\MIT_Rkt_Aurora_Aero\MIT_Rkt_Aurora_Aero\finFE 
 EA\_ProjectScratch\ScrE606\file0.err ) for these warning messages.      

 *** MAPDL - ENGINEERING ANALYSIS SYSTEM  RELEASE 2024 R2          24.2     ***
 Ansys Mechanical Enterprise Academic Research     
 01196637  VERSION=WINDOWS x64   16:59:33  NOV 24, 2024 CP=      6.453

 wspc_FEA--Structure statique (C3)                                             



                      L O A D   S T E P   O P T I O N S

   LOAD STEP NUMBER. . . . . . . . . . . . . . . .     4
   TIME AT END OF THE LOAD STEP. . . . . . . . . .  4.0000    
   NUMBER OF SUBSTEPS. . . . . . . . . . . . . . .     1
   STEP CHANGE BOUNDARY CONDITIONS . . . . . . . .    NO
   PRINT OUTPUT CONTROLS . . . . . . . . . . . . .NO PRINTOUT
   DATABASE OUTPUT CONTROLS
      ITEM     FREQUENCY   COMPONENT
       ALL       NONE               
      NSOL        ALL               
      RSOL        ALL               
      EANG        ALL               
      ETMP        ALL               
      VENG        ALL               
      STRS        ALL               
      EPEL        ALL               
      EPPL        ALL               
      CONT        ALL               


 SOLUTION MONITORING INFO IS WRITTEN TO FILE= file.mntr                                                                                                                                                                                                                                                           

 *** LOAD STEP     4   SUBSTEP     1  COMPLETED.    CUM ITER =      4
 *** TIME =   4.00000         TIME INC =   1.00000      OLD TRIANG MATRIX
 ****************************************************
 *************** FINISHED SOLVE FOR LS 4 *************
 ****************************************************
 ******************* SOLVE FOR LS 5 OF 10 ****************

 ALL SELECT   FOR ITEM=ELEM COMPONENT=    
  IN RANGE         1 TO      11968 STEP          1

      11902  ELEMENTS (OF      11902  DEFINED) SELECTED BY  ESEL  COMMAND.

 PRINTOUT RESUMED BY /GOP

 USE       1 SUBSTEPS INITIALLY THIS LOAD STEP FOR ALL  DEGREES OF FREEDOM
 FOR AUTOMATIC TIME STEPPING:
   USE      1 SUBSTEPS AS A MAXIMUM
   USE      1 SUBSTEPS AS A MINIMUM

 TIME=  5.0000    

 ERASE THE CURRENT DATABASE OUTPUT CONTROL TABLE.


 WRITE ALL  ITEMS TO THE DATABASE WITH A FREQUENCY OF NONE
   FOR ALL APPLICABLE ENTITIES

 WRITE NSOL ITEMS TO THE DATABASE WITH A FREQUENCY OF ALL 
   FOR ALL APPLICABLE ENTITIES

 WRITE RSOL ITEMS TO THE DATABASE WITH A FREQUENCY OF ALL 
   FOR ALL APPLICABLE ENTITIES

 WRITE EANG ITEMS TO THE DATABASE WITH A FREQUENCY OF ALL 
   FOR ALL APPLICABLE ENTITIES

 WRITE ETMP ITEMS TO THE DATABASE WITH A FREQUENCY OF ALL 
   FOR ALL APPLICABLE ENTITIES

 WRITE VENG ITEMS TO THE DATABASE WITH A FREQUENCY OF ALL 
   FOR ALL APPLICABLE ENTITIES

 WRITE STRS ITEMS TO THE DATABASE WITH A FREQUENCY OF ALL 
   FOR ALL APPLICABLE ENTITIES

 WRITE EPEL ITEMS TO THE DATABASE WITH A FREQUENCY OF ALL 
   FOR ALL APPLICABLE ENTITIES

 WRITE EPPL ITEMS TO THE DATABASE WITH A FREQUENCY OF ALL 
   FOR ALL APPLICABLE ENTITIES

 WRITE CONT ITEMS TO THE DATABASE WITH A FREQUENCY OF ALL 
   FOR ALL APPLICABLE ENTITIES

 *****  MAPDL SOLVE    COMMAND  *****

 *** WARNING ***                         CP =       7.516   TIME= 16:59:34
 Material number 6 (used by element 6069) should normally have at least  
 one MP or one TB type command associated with it.  Output of energy by  
 material may not be available.                                          

 *** NOTE ***                            CP =       7.562   TIME= 16:59:34
 The step data was checked and warning messages were found.              
  Please review output or errors file (                                  
 Z:\Developer\MIT_Rkt_Team\MIT_Rkt_Aurora_Aero\MIT_Rkt_Aurora_Aero\finFE 
 EA\_ProjectScratch\ScrE606\file0.err ) for these warning messages.      

 *** MAPDL - ENGINEERING ANALYSIS SYSTEM  RELEASE 2024 R2          24.2     ***
 Ansys Mechanical Enterprise Academic Research     
 01196637  VERSION=WINDOWS x64   16:59:34  NOV 24, 2024 CP=      7.641

 wspc_FEA--Structure statique (C3)                                             



                      L O A D   S T E P   O P T I O N S

   LOAD STEP NUMBER. . . . . . . . . . . . . . . .     5
   TIME AT END OF THE LOAD STEP. . . . . . . . . .  5.0000    
   NUMBER OF SUBSTEPS. . . . . . . . . . . . . . .     1
   STEP CHANGE BOUNDARY CONDITIONS . . . . . . . .    NO
   PRINT OUTPUT CONTROLS . . . . . . . . . . . . .NO PRINTOUT
   DATABASE OUTPUT CONTROLS
      ITEM     FREQUENCY   COMPONENT
       ALL       NONE               
      NSOL        ALL               
      RSOL        ALL               
      EANG        ALL               
      ETMP        ALL               
      VENG        ALL               
      STRS        ALL               
      EPEL        ALL               
      EPPL        ALL               
      CONT        ALL               


 SOLUTION MONITORING INFO IS WRITTEN TO FILE= file.mntr                                                                                                                                                                                                                                                           

 *** LOAD STEP     5   SUBSTEP     1  COMPLETED.    CUM ITER =      5
 *** TIME =   5.00000         TIME INC =   1.00000      OLD TRIANG MATRIX
 ****************************************************
 *************** FINISHED SOLVE FOR LS 5 *************
 ****************************************************
 ******************* SOLVE FOR LS 6 OF 10 ****************

 ALL SELECT   FOR ITEM=ELEM COMPONENT=    
  IN RANGE         1 TO      11968 STEP          1

      11902  ELEMENTS (OF      11902  DEFINED) SELECTED BY  ESEL  COMMAND.

 PRINTOUT RESUMED BY /GOP

 USE       1 SUBSTEPS INITIALLY THIS LOAD STEP FOR ALL  DEGREES OF FREEDOM
 FOR AUTOMATIC TIME STEPPING:
   USE      1 SUBSTEPS AS A MAXIMUM
   USE      1 SUBSTEPS AS A MINIMUM

 TIME=  6.0000    

 ERASE THE CURRENT DATABASE OUTPUT CONTROL TABLE.


 WRITE ALL  ITEMS TO THE DATABASE WITH A FREQUENCY OF NONE
   FOR ALL APPLICABLE ENTITIES

 WRITE NSOL ITEMS TO THE DATABASE WITH A FREQUENCY OF ALL 
   FOR ALL APPLICABLE ENTITIES

 WRITE RSOL ITEMS TO THE DATABASE WITH A FREQUENCY OF ALL 
   FOR ALL APPLICABLE ENTITIES

 WRITE EANG ITEMS TO THE DATABASE WITH A FREQUENCY OF ALL 
   FOR ALL APPLICABLE ENTITIES

 WRITE ETMP ITEMS TO THE DATABASE WITH A FREQUENCY OF ALL 
   FOR ALL APPLICABLE ENTITIES

 WRITE VENG ITEMS TO THE DATABASE WITH A FREQUENCY OF ALL 
   FOR ALL APPLICABLE ENTITIES

 WRITE STRS ITEMS TO THE DATABASE WITH A FREQUENCY OF ALL 
   FOR ALL APPLICABLE ENTITIES

 WRITE EPEL ITEMS TO THE DATABASE WITH A FREQUENCY OF ALL 
   FOR ALL APPLICABLE ENTITIES

 WRITE EPPL ITEMS TO THE DATABASE WITH A FREQUENCY OF ALL 
   FOR ALL APPLICABLE ENTITIES

 WRITE CONT ITEMS TO THE DATABASE WITH A FREQUENCY OF ALL 
   FOR ALL APPLICABLE ENTITIES

 *****  MAPDL SOLVE    COMMAND  *****

 *** WARNING ***                         CP =       8.766   TIME= 16:59:34
 Material number 6 (used by element 6069) should normally have at least  
 one MP or one TB type command associated with it.  Output of energy by  
 material may not be available.                                          

 *** NOTE ***                            CP =       8.828   TIME= 16:59:34
 The step data was checked and warning messages were found.              
  Please review output or errors file (                                  
 Z:\Developer\MIT_Rkt_Team\MIT_Rkt_Aurora_Aero\MIT_Rkt_Aurora_Aero\finFE 
 EA\_ProjectScratch\ScrE606\file0.err ) for these warning messages.      

 *** MAPDL - ENGINEERING ANALYSIS SYSTEM  RELEASE 2024 R2          24.2     ***
 Ansys Mechanical Enterprise Academic Research     
 01196637  VERSION=WINDOWS x64   16:59:34  NOV 24, 2024 CP=      8.953

 wspc_FEA--Structure statique (C3)                                             



                      L O A D   S T E P   O P T I O N S

   LOAD STEP NUMBER. . . . . . . . . . . . . . . .     6
   TIME AT END OF THE LOAD STEP. . . . . . . . . .  6.0000    
   NUMBER OF SUBSTEPS. . . . . . . . . . . . . . .     1
   STEP CHANGE BOUNDARY CONDITIONS . . . . . . . .    NO
   PRINT OUTPUT CONTROLS . . . . . . . . . . . . .NO PRINTOUT
   DATABASE OUTPUT CONTROLS
      ITEM     FREQUENCY   COMPONENT
       ALL       NONE               
      NSOL        ALL               
      RSOL        ALL               
      EANG        ALL               
      ETMP        ALL               
      VENG        ALL               
      STRS        ALL               
      EPEL        ALL               
      EPPL        ALL               
      CONT        ALL               


 SOLUTION MONITORING INFO IS WRITTEN TO FILE= file.mntr                                                                                                                                                                                                                                                           

 *** LOAD STEP     6   SUBSTEP     1  COMPLETED.    CUM ITER =      6
 *** TIME =   6.00000         TIME INC =   1.00000      OLD TRIANG MATRIX
 ****************************************************
 *************** FINISHED SOLVE FOR LS 6 *************
 ****************************************************
 ******************* SOLVE FOR LS 7 OF 10 ****************

 ALL SELECT   FOR ITEM=ELEM COMPONENT=    
  IN RANGE         1 TO      11968 STEP          1

      11902  ELEMENTS (OF      11902  DEFINED) SELECTED BY  ESEL  COMMAND.

 PRINTOUT RESUMED BY /GOP

 USE       1 SUBSTEPS INITIALLY THIS LOAD STEP FOR ALL  DEGREES OF FREEDOM
 FOR AUTOMATIC TIME STEPPING:
   USE      1 SUBSTEPS AS A MAXIMUM
   USE      1 SUBSTEPS AS A MINIMUM

 TIME=  7.0000    

 ERASE THE CURRENT DATABASE OUTPUT CONTROL TABLE.


 WRITE ALL  ITEMS TO THE DATABASE WITH A FREQUENCY OF NONE
   FOR ALL APPLICABLE ENTITIES

 WRITE NSOL ITEMS TO THE DATABASE WITH A FREQUENCY OF ALL 
   FOR ALL APPLICABLE ENTITIES

 WRITE RSOL ITEMS TO THE DATABASE WITH A FREQUENCY OF ALL 
   FOR ALL APPLICABLE ENTITIES

 WRITE EANG ITEMS TO THE DATABASE WITH A FREQUENCY OF ALL 
   FOR ALL APPLICABLE ENTITIES

 WRITE ETMP ITEMS TO THE DATABASE WITH A FREQUENCY OF ALL 
   FOR ALL APPLICABLE ENTITIES

 WRITE VENG ITEMS TO THE DATABASE WITH A FREQUENCY OF ALL 
   FOR ALL APPLICABLE ENTITIES

 WRITE STRS ITEMS TO THE DATABASE WITH A FREQUENCY OF ALL 
   FOR ALL APPLICABLE ENTITIES

 WRITE EPEL ITEMS TO THE DATABASE WITH A FREQUENCY OF ALL 
   FOR ALL APPLICABLE ENTITIES

 WRITE EPPL ITEMS TO THE DATABASE WITH A FREQUENCY OF ALL 
   FOR ALL APPLICABLE ENTITIES

 WRITE CONT ITEMS TO THE DATABASE WITH A FREQUENCY OF ALL 
   FOR ALL APPLICABLE ENTITIES

 *****  MAPDL SOLVE    COMMAND  *****

 *** WARNING ***                         CP =      10.125   TIME= 16:59:35
 Material number 6 (used by element 6069) should normally have at least  
 one MP or one TB type command associated with it.  Output of energy by  
 material may not be available.                                          

 *** NOTE ***                            CP =      10.188   TIME= 16:59:35
 The step data was checked and warning messages were found.              
  Please review output or errors file (                                  
 Z:\Developer\MIT_Rkt_Team\MIT_Rkt_Aurora_Aero\MIT_Rkt_Aurora_Aero\finFE 
 EA\_ProjectScratch\ScrE606\file0.err ) for these warning messages.      

 *** MAPDL - ENGINEERING ANALYSIS SYSTEM  RELEASE 2024 R2          24.2     ***
 Ansys Mechanical Enterprise Academic Research     
 01196637  VERSION=WINDOWS x64   16:59:35  NOV 24, 2024 CP=     10.312

 wspc_FEA--Structure statique (C3)                                             



                      L O A D   S T E P   O P T I O N S

   LOAD STEP NUMBER. . . . . . . . . . . . . . . .     7
   TIME AT END OF THE LOAD STEP. . . . . . . . . .  7.0000    
   NUMBER OF SUBSTEPS. . . . . . . . . . . . . . .     1
   STEP CHANGE BOUNDARY CONDITIONS . . . . . . . .    NO
   PRINT OUTPUT CONTROLS . . . . . . . . . . . . .NO PRINTOUT
   DATABASE OUTPUT CONTROLS
      ITEM     FREQUENCY   COMPONENT
       ALL       NONE               
      NSOL        ALL               
      RSOL        ALL               
      EANG        ALL               
      ETMP        ALL               
      VENG        ALL               
      STRS        ALL               
      EPEL        ALL               
      EPPL        ALL               
      CONT        ALL               


 SOLUTION MONITORING INFO IS WRITTEN TO FILE= file.mntr                                                                                                                                                                                                                                                           

 *** LOAD STEP     7   SUBSTEP     1  COMPLETED.    CUM ITER =      7
 *** TIME =   7.00000         TIME INC =   1.00000      OLD TRIANG MATRIX
 ****************************************************
 *************** FINISHED SOLVE FOR LS 7 *************
 ****************************************************
 ******************* SOLVE FOR LS 8 OF 10 ****************

 ALL SELECT   FOR ITEM=ELEM COMPONENT=    
  IN RANGE         1 TO      11968 STEP          1

      11902  ELEMENTS (OF      11902  DEFINED) SELECTED BY  ESEL  COMMAND.

 PRINTOUT RESUMED BY /GOP

 USE       1 SUBSTEPS INITIALLY THIS LOAD STEP FOR ALL  DEGREES OF FREEDOM
 FOR AUTOMATIC TIME STEPPING:
   USE      1 SUBSTEPS AS A MAXIMUM
   USE      1 SUBSTEPS AS A MINIMUM

 TIME=  8.0000    

 ERASE THE CURRENT DATABASE OUTPUT CONTROL TABLE.


 WRITE ALL  ITEMS TO THE DATABASE WITH A FREQUENCY OF NONE
   FOR ALL APPLICABLE ENTITIES

 WRITE NSOL ITEMS TO THE DATABASE WITH A FREQUENCY OF ALL 
   FOR ALL APPLICABLE ENTITIES

 WRITE RSOL ITEMS TO THE DATABASE WITH A FREQUENCY OF ALL 
   FOR ALL APPLICABLE ENTITIES

 WRITE EANG ITEMS TO THE DATABASE WITH A FREQUENCY OF ALL 
   FOR ALL APPLICABLE ENTITIES

 WRITE ETMP ITEMS TO THE DATABASE WITH A FREQUENCY OF ALL 
   FOR ALL APPLICABLE ENTITIES

 WRITE VENG ITEMS TO THE DATABASE WITH A FREQUENCY OF ALL 
   FOR ALL APPLICABLE ENTITIES

 WRITE STRS ITEMS TO THE DATABASE WITH A FREQUENCY OF ALL 
   FOR ALL APPLICABLE ENTITIES

 WRITE EPEL ITEMS TO THE DATABASE WITH A FREQUENCY OF ALL 
   FOR ALL APPLICABLE ENTITIES

 WRITE EPPL ITEMS TO THE DATABASE WITH A FREQUENCY OF ALL 
   FOR ALL APPLICABLE ENTITIES

 WRITE CONT ITEMS TO THE DATABASE WITH A FREQUENCY OF ALL 
   FOR ALL APPLICABLE ENTITIES

 *****  MAPDL SOLVE    COMMAND  *****

 *** WARNING ***                         CP =      11.391   TIME= 16:59:36
 Material number 6 (used by element 6069) should normally have at least  
 one MP or one TB type command associated with it.  Output of energy by  
 material may not be available.                                          

 *** NOTE ***                            CP =      11.453   TIME= 16:59:36
 The step data was checked and warning messages were found.              
  Please review output or errors file (                                  
 Z:\Developer\MIT_Rkt_Team\MIT_Rkt_Aurora_Aero\MIT_Rkt_Aurora_Aero\finFE 
 EA\_ProjectScratch\ScrE606\file0.err ) for these warning messages.      

 *** MAPDL - ENGINEERING ANALYSIS SYSTEM  RELEASE 2024 R2          24.2     ***
 Ansys Mechanical Enterprise Academic Research     
 01196637  VERSION=WINDOWS x64   16:59:36  NOV 24, 2024 CP=     11.578

 wspc_FEA--Structure statique (C3)                                             



                      L O A D   S T E P   O P T I O N S

   LOAD STEP NUMBER. . . . . . . . . . . . . . . .     8
   TIME AT END OF THE LOAD STEP. . . . . . . . . .  8.0000    
   NUMBER OF SUBSTEPS. . . . . . . . . . . . . . .     1
   STEP CHANGE BOUNDARY CONDITIONS . . . . . . . .    NO
   PRINT OUTPUT CONTROLS . . . . . . . . . . . . .NO PRINTOUT
   DATABASE OUTPUT CONTROLS
      ITEM     FREQUENCY   COMPONENT
       ALL       NONE               
      NSOL        ALL               
      RSOL        ALL               
      EANG        ALL               
      ETMP        ALL               
      VENG        ALL               
      STRS        ALL               
      EPEL        ALL               
      EPPL        ALL               
      CONT        ALL               


 SOLUTION MONITORING INFO IS WRITTEN TO FILE= file.mntr                                                                                                                                                                                                                                                           

 *** LOAD STEP     8   SUBSTEP     1  COMPLETED.    CUM ITER =      8
 *** TIME =   8.00000         TIME INC =   1.00000      OLD TRIANG MATRIX
 ****************************************************
 *************** FINISHED SOLVE FOR LS 8 *************
 ****************************************************
 ******************* SOLVE FOR LS 9 OF 10 ****************

 ALL SELECT   FOR ITEM=ELEM COMPONENT=    
  IN RANGE         1 TO      11968 STEP          1

      11902  ELEMENTS (OF      11902  DEFINED) SELECTED BY  ESEL  COMMAND.

 PRINTOUT RESUMED BY /GOP

 USE       1 SUBSTEPS INITIALLY THIS LOAD STEP FOR ALL  DEGREES OF FREEDOM
 FOR AUTOMATIC TIME STEPPING:
   USE      1 SUBSTEPS AS A MAXIMUM
   USE      1 SUBSTEPS AS A MINIMUM

 TIME=  9.0000    

 ERASE THE CURRENT DATABASE OUTPUT CONTROL TABLE.


 WRITE ALL  ITEMS TO THE DATABASE WITH A FREQUENCY OF NONE
   FOR ALL APPLICABLE ENTITIES

 WRITE NSOL ITEMS TO THE DATABASE WITH A FREQUENCY OF ALL 
   FOR ALL APPLICABLE ENTITIES

 WRITE RSOL ITEMS TO THE DATABASE WITH A FREQUENCY OF ALL 
   FOR ALL APPLICABLE ENTITIES

 WRITE EANG ITEMS TO THE DATABASE WITH A FREQUENCY OF ALL 
   FOR ALL APPLICABLE ENTITIES

 WRITE ETMP ITEMS TO THE DATABASE WITH A FREQUENCY OF ALL 
   FOR ALL APPLICABLE ENTITIES

 WRITE VENG ITEMS TO THE DATABASE WITH A FREQUENCY OF ALL 
   FOR ALL APPLICABLE ENTITIES

 WRITE STRS ITEMS TO THE DATABASE WITH A FREQUENCY OF ALL 
   FOR ALL APPLICABLE ENTITIES

 WRITE EPEL ITEMS TO THE DATABASE WITH A FREQUENCY OF ALL 
   FOR ALL APPLICABLE ENTITIES

 WRITE EPPL ITEMS TO THE DATABASE WITH A FREQUENCY OF ALL 
   FOR ALL APPLICABLE ENTITIES

 WRITE CONT ITEMS TO THE DATABASE WITH A FREQUENCY OF ALL 
   FOR ALL APPLICABLE ENTITIES

 *****  MAPDL SOLVE    COMMAND  *****

 *** WARNING ***                         CP =      12.750   TIME= 16:59:36
 Material number 6 (used by element 6069) should normally have at least  
 one MP or one TB type command associated with it.  Output of energy by  
 material may not be available.                                          

 *** NOTE ***                            CP =      12.750   TIME= 16:59:36
 The step data was checked and warning messages were found.              
  Please review output or errors file (                                  
 Z:\Developer\MIT_Rkt_Team\MIT_Rkt_Aurora_Aero\MIT_Rkt_Aurora_Aero\finFE 
 EA\_ProjectScratch\ScrE606\file0.err ) for these warning messages.      

 *** MAPDL - ENGINEERING ANALYSIS SYSTEM  RELEASE 2024 R2          24.2     ***
 Ansys Mechanical Enterprise Academic Research     
 01196637  VERSION=WINDOWS x64   16:59:36  NOV 24, 2024 CP=     12.938

 wspc_FEA--Structure statique (C3)                                             



                      L O A D   S T E P   O P T I O N S

   LOAD STEP NUMBER. . . . . . . . . . . . . . . .     9
   TIME AT END OF THE LOAD STEP. . . . . . . . . .  9.0000    
   NUMBER OF SUBSTEPS. . . . . . . . . . . . . . .     1
   STEP CHANGE BOUNDARY CONDITIONS . . . . . . . .    NO
   PRINT OUTPUT CONTROLS . . . . . . . . . . . . .NO PRINTOUT
   DATABASE OUTPUT CONTROLS
      ITEM     FREQUENCY   COMPONENT
       ALL       NONE               
      NSOL        ALL               
      RSOL        ALL               
      EANG        ALL               
      ETMP        ALL               
      VENG        ALL               
      STRS        ALL               
      EPEL        ALL               
      EPPL        ALL               
      CONT        ALL               


 SOLUTION MONITORING INFO IS WRITTEN TO FILE= file.mntr                                                                                                                                                                                                                                                           


 *** ERROR ***                           CP =      13.625   TIME= 16:59:36
 The value of UZ at node 2 is 1000007.83.  It is greater than the        
 current limit of 1000000 (which can be reset on the NCNV command).      
 This generally indicates rigid body motion as a result of an            
 unconstrained model.  Verify that your model is properly constrained.   




         R E S T A R T   I N F O R M A T I O N

 REASON FOR TERMINATION. . . . . . . . . .DOF LIMIT EXCEEDED                      

  NO RESTART IS POSSIBLE. THE BACKUP RESTART FILE (OSAV) WAS NOT WRITTEN
    USE THE NCNV COMMAND TO TRIGGER ITS WRITING.

 ALL CURRENT MAPDL DATA WRITTEN TO FILE NAME= file.db
  FOR POSSIBLE RESUME FROM THIS POINT





 NUMBER OF WARNING MESSAGES ENCOUNTERED=         12
 NUMBER OF ERROR   MESSAGES ENCOUNTERED=          1



 ***** PROBLEM TERMINATED BY INDICATED ERROR(S) OR BY END OF INPUT DATA *****

+--------------------- M A P D L   S T A T I S T I C S ------------------------+

Release: 2024 R2            Build: 24.2       Update: UP20240603   Platform: WINDOWS x64 
Date Run: 11/24/2024   Time: 16:59     Process ID: 6236
Operating System: Windows 11  (Build: 22631)

Processor Model:                           Virtual CPU @ 3.20GHz

Compiler: Intel(R) Fortran Compiler Classic Version 2021.9  (Build: 20230302)
          Intel(R) C/C++ Compiler Classic Version 2021.9  (Build: 20230302)
          AOCL-BLAS 4.2.1 Build 20240304

Number of machines requested            :    1
Total number of cores available         :   12
Number of physical cores available      :   12
Number of processes requested           :    4
Number of threads per process requested :    1
Total number of cores requested         :    4 (Distributed Memory Parallel)               
MPI Type: INTELMPI
MPI Version: Intel(R) MPI Library 2021.11 for Windows* OS


GPU Acceleration: Not Requested

Job Name: file0
Input File: dummy.dat

  Core                Machine Name   Working Directory
 -----------------------------------------------------
     0             MARCDNICHITBF25   Z:\Developer\MIT_Rkt_Team\MIT_Rkt_Aurora_Aero\MIT_Rkt_Aurora_Aero\finFEA\_ProjectScratch\ScrE606
     1             MARCDNICHITBF25   Z:\Developer\MIT_Rkt_Team\MIT_Rkt_Aurora_Aero\MIT_Rkt_Aurora_Aero\finFEA\_ProjectScratch\ScrE606
     2             MARCDNICHITBF25   Z:\Developer\MIT_Rkt_Team\MIT_Rkt_Aurora_Aero\MIT_Rkt_Aurora_Aero\finFEA\_ProjectScratch\ScrE606
     3             MARCDNICHITBF25   Z:\Developer\MIT_Rkt_Team\MIT_Rkt_Aurora_Aero\MIT_Rkt_Aurora_Aero\finFEA\_ProjectScratch\ScrE606
 
Latency time from master to core     1 =    2.741 microseconds
Latency time from master to core     2 =    2.742 microseconds
Latency time from master to core     3 =    3.126 microseconds
 
Communication speed from master to core     1 =  2764.15 MB/sec
Communication speed from master to core     2 =  2956.07 MB/sec
Communication speed from master to core     3 =  3052.38 MB/sec

Total CPU time for main thread                    :        6.4 seconds
Total CPU time summed for all threads             :       14.0 seconds

Elapsed time spent obtaining a license            :        0.5 seconds
Elapsed time spent pre-processing model (/PREP7)  :        0.1 seconds
Elapsed time spent solution - preprocessing       :        1.0 seconds
Elapsed time spent computing solution             :        4.0 seconds
Elapsed time spent solution - postprocessing      :        0.7 seconds
Elapsed time spent post-processing model (/POST1) :        0.0 seconds
 
Equation solver used                              :            Sparse (symmetric)

Sum of disk space used on all processes           :       91.6 MB

Sum of memory used on all processes               :      571.0 MB
Sum of memory allocated on all processes          :     2880.0 MB
Physical memory available                         :        112 GB
Total amount of I/O written to disk               :        0.1 GB
Total amount of I/O read from disk                :        0.0 GB

+------------------ E N D   M A P D L   S T A T I S T I C S -------------------+


 *-----------------------------------------------------------------------------*
 |                                                                             |
 |                               RUN COMPLETED                                 |
 |                                                                             |
 |-----------------------------------------------------------------------------|
 |                                                                             |
 |  Ansys MAPDL 2024 R2         Build 24.2         UP20240603    WINDOWS x64   |
 |                                                                             |
 |-----------------------------------------------------------------------------|
 |                                                                             |
 |  Database Requested(-db)     1024 MB     Scratch Memory Requested   1024 MB |
 |  Max Database Used(Master)      9 MB     Max Scratch Used(Master)    146 MB |
 |  Max Database Used(Workers)     1 MB     Max Scratch Used(Workers)   138 MB |
 |  Sum Database Used(All)        12 MB     Sum Scratch Used(All)       559 MB |
 |                                                                             |
 |-----------------------------------------------------------------------------|
 |                                                                             |
 |        CP Time      (sec) =         13.984       Time  =  16:59:38          |
 |        Elapsed Time (sec) =          9.000       Date  =  11/24/2024        |
 |                                                                             |
 *-----------------------------------------------------------------------------*
